running numpy norm test
norm: 25003400.30	 Run time: 5.15909 seconds	 GFLOPS: 388
running numpy norm test
norm: 25002453.50	 Run time: 4.98263 seconds	 GFLOPS: 401
running numpy norm test
norm: 25004262.24	 Run time: 4.13395 seconds	 GFLOPS: 484
running numpy matmul test
norm: 2498.38	 Run time: 3.98954 seconds	 GFLOPS: 501
running numpy matmul test
norm: 2518.17	 Run time: 4.00698 seconds	 GFLOPS: 499
running numpy matmul test
norm: 2483.00	 Run time: 4.03402 seconds	 GFLOPS: 496
running numpy cholesky test
norm: 70.67	 Run time: 2.81991 seconds	 GFLOPS: 399
running numpy cholesky test
norm: 70.57	 Run time: 2.80277 seconds	 GFLOPS: 401
running numpy cholesky test
norm: 70.53	 Run time: 2.81172 seconds	 GFLOPS: 400
running numpy eig test
norm: 6252447.92	 Run time: 41.21748 seconds	 GFLOPS: 4
running numpy eig test
norm: 6252589.24	 Run time: 40.52794 seconds	 GFLOPS: 4
running numpy eig test
norm: 6248073.30	 Run time: 40.02136 seconds	 GFLOPS: 4
