Running HPL with 1 cores ...
WR06R8C24c 211       114560   384     1     1        12271.48         8.1681e+01
Running HPL with 2 cores ...
WR06R8C24c 211       114560   384     1     1         6187.77         1.6199e+02
Running HPL with 4 cores ...
WR06R8C24c 211       114560   384     1     1         3123.96         3.2086e+02
Running HPL with 8 cores ...
WR06R8C24c 211       114560   384     1     1         1609.98         6.2258e+02
Running HPL with 16 cores ...
WR06R8C24c 211       114560   384     1     1          867.74         1.1551e+03
Running HPL with 24 cores ...
WR06R8C24c 211       114560   384     1     1          581.53         1.7236e+03
Running HPL with 32 cores ...
WR06R8C24c 211       114560   384     1     1          457.36         2.1916e+03
Running HPL with 48 cores ...
WR06R8C24c 211       114560   384     1     1          338.85         2.9581e+03
Running HPL with 56 cores ...
WR06R8C24c 211       114560   384     1     1          316.03         3.1717e+03
Running HPL with 64 cores ...
WR06R8C24c 211       114560   384     1     1          288.96         3.4688e+03
