
* ************************************************************************
* Date:" Tue Feb 20 00:59:44 UTC 2024
* Running openfoam benchmark series with 1 2 4 8 16 24 32 48 64 cores
* Results will be written to openfoam-jobs.out
* ************************************************************************
Preparing openfoam mesh with 1 cores ...
390.01
Preparing openfoam mesh with 2 cores ...
267.62
Preparing openfoam mesh with 4 cores ...
147.14
Preparing openfoam mesh with 8 cores ...
86.45
Preparing openfoam mesh with 16 cores ...
65.40
Preparing openfoam mesh with 24 cores ...
54.10
Preparing openfoam mesh with 32 cores ...
54.08
Preparing openfoam mesh with 48 cores ...
55.25
Preparing openfoam mesh with 64 cores ...
58.33
openfoam with 1 cores ...
472.78 seconds
openfoam with 2 cores ...
240.1 seconds
openfoam with 4 cores ...
144.32 seconds
openfoam with 8 cores ...
116.84 seconds
openfoam with 16 cores ...
56.15 seconds
openfoam with 24 cores ...
34.5 seconds
openfoam with 32 cores ...
25.64 seconds
openfoam with 48 cores ...
18.97 seconds
openfoam with 64 cores ...
15.64 seconds
