Running HPL with 1 cores ...
WR06R8C24c 211       114560   384     1     1        12276.24         8.1649e+01
Running HPL with 2 cores ...
WR06R8C24c 211       114560   384     1     1         6195.43         1.6179e+02
Running HPL with 4 cores ...
WR06R8C24c 211       114560   384     1     1         3139.06         3.1931e+02
Running HPL with 8 cores ...
WR06R8C24c 211       114560   384     1     1         1625.68         6.1657e+02
Running HPL with 16 cores ...
WR06R8C24c 211       114560   384     1     1          871.64         1.1499e+03
Running HPL with 24 cores ...
WR06R8C24c 211       114560   384     1     1          584.14         1.7159e+03
Running HPL with 32 cores ...
WR06R8C24c 211       114560   384     1     1          462.81         2.1658e+03
Running HPL with 48 cores ...
WR06R8C24c 211       114560   384     1     1          344.19         2.9122e+03
Running HPL with 56 cores ...
WR06R8C24c 211       114560   384     1     1          314.11         3.1911e+03
Running HPL with 64 cores ...
WR06R8C24c 211       114560   384     1     1          290.58         3.4494e+03
Running HPL with 96 cores ...
WR06R8C24c 211       114560   384     1     1          239.25         4.1894e+03
