
* ************************************************************************
* Date:" Wed Feb 21 11:00:17 PM UTC 2024
* Running openfoam benchmark series with 1 2 4 8 16 24 32 48 56 64 80 96 cores
* Results will be written to openfoam-jobs.out
* ************************************************************************
Preparing openfoam mesh with 1 cores ...
Command exited with non-zero status 2
0.00

* ************************************************************************
* Date:" Wed Feb 21 23:07:07 UTC 2024
* Running openfoam benchmark series with 96 cores
* Results will be written to openfoam-jobs.out
* ************************************************************************
Preparing openfoam mesh with 96 cores ...

* ************************************************************************
* Date:" Wed Feb 21 23:08:19 UTC 2024
* Running openfoam benchmark series with 96 cores
* Results will be written to openfoam-jobs.out
* ************************************************************************
Preparing openfoam mesh with 96 cores ...
3.52
openfoam with 96 cores ...
1.89 seconds

* ************************************************************************
* Date:" Wed Feb 21 23:10:04 UTC 2024
* Running openfoam benchmark series with 1 2 4 8 16 24 32 48 56 64 80 96 cores
* Results will be written to openfoam-jobs.out
* ************************************************************************
Preparing openfoam mesh with 1 cores ...
0.12
Preparing openfoam mesh with 2 cores ...
1.58
Preparing openfoam mesh with 4 cores ...
1.23
Preparing openfoam mesh with 8 cores ...
1.27
Preparing openfoam mesh with 16 cores ...
1.38
Preparing openfoam mesh with 24 cores ...
1.45
Preparing openfoam mesh with 32 cores ...
3.52
Preparing openfoam mesh with 48 cores ...
3.68
Preparing openfoam mesh with 56 cores ...
3.71
Preparing openfoam mesh with 64 cores ...
3.99
Preparing openfoam mesh with 80 cores ...
4.01
Preparing openfoam mesh with 96 cores ...
4.13
openfoam with 1 cores ...
12.23 seconds
openfoam with 2 cores ...
6.07 seconds
openfoam with 4 cores ...
3.03 seconds
openfoam with 8 cores ...
1.89 seconds
openfoam with 16 cores ...
1.49 seconds
openfoam with 24 cores ...
1.72 seconds
openfoam with 32 cores ...
1.55 seconds
openfoam with 48 cores ...
1.67 seconds
openfoam with 56 cores ...
1.69 seconds
openfoam with 64 cores ...
1.37 seconds
openfoam with 80 cores ...
1.53 seconds
openfoam with 96 cores ...
1.93 seconds

* ************************************************************************
* Date:" Wed Feb 21 23:16:05 UTC 2024
* Running openfoam benchmark series with 1 2 4 8 16 24 32 48 56 64 80 96 cores
* Results will be written to openfoam-jobs.out
* ************************************************************************
Preparing openfoam mesh with 1 cores ...
389.00
Preparing openfoam mesh with 2 cores ...
268.47
Preparing openfoam mesh with 4 cores ...
145.57
Preparing openfoam mesh with 8 cores ...
85.50
Preparing openfoam mesh with 16 cores ...
65.33
Preparing openfoam mesh with 24 cores ...
53.37
Preparing openfoam mesh with 32 cores ...
53.93
Preparing openfoam mesh with 48 cores ...
55.29
Preparing openfoam mesh with 56 cores ...
56.11
Preparing openfoam mesh with 64 cores ...
58.63
Preparing openfoam mesh with 80 cores ...
61.76
Preparing openfoam mesh with 96 cores ...
67.24
openfoam with 1 cores ...
474.85 seconds
openfoam with 2 cores ...
247.87 seconds
openfoam with 4 cores ...
163.12 seconds
openfoam with 8 cores ...
138.43 seconds
openfoam with 16 cores ...
66.2 seconds
openfoam with 24 cores ...
41.08 seconds
openfoam with 32 cores ...
29.67 seconds
openfoam with 48 cores ...
19.99 seconds
openfoam with 56 cores ...
17.98 seconds
openfoam with 64 cores ...
16.31 seconds
openfoam with 80 cores ...
14.26 seconds
openfoam with 96 cores ...
12.92 seconds
