************************************************************************
Running namd benchmark with job stmv and 16 threads
************************************************************************
Charm++: standalone mode (not using charmrun)
Charm++> Running in SMP mode: 1 processes, 16 worker threads (PEs) + 1 comm threads per process, 16 PEs total
Charm++> The comm. thread both sends and receives messages
Charm++> Using recursive bisection (scheme 3) for topology aware partitions
Converse/Charm++ Commit ID: v6.10.2
Warning> Randomization of virtual memory (ASLR) is turned on in the kernel, thread migration may not work! Run 'echo 0 > /proc/sys/kernel/randomize_va_space' as root to disable it, or try running with '+isomalloc_sync'.
Charm++> scheduler running in netpoll mode.
Charm++ communication thread will sleep due to single-process run.
CharmLB> Load balancer assumes all CPUs are same.
Charm++> cpu affinity enabled. 
Charm++> Running on 1 hosts (1 sockets x 8 cores x 2 PUs = 16-way SMP)
Charm++> cpu topology info is gathered in 0.000 seconds.

Charm++> Warning: the number of SMP threads (17) is greater than the number of physical cores (16), so threads will sleep while idling. Use +CmiSpinOnIdle or +CmiSleepOnIdle to control this directly.

Info: NAMD 2.14 for linux-x86_64-netlrts
Info: 
Info: Please visit http://www.ks.uiuc.edu/Research/namd/
Info: for updates, documentation, and support information.
Info: 
Info: Please cite Phillips et al., J. Chem. Phys. 153:044130 (2020) doi:10.1063/5.0014475
Info: in all publications reporting results obtained with NAMD.
Info: 
Info: Based on Charm++/Converse 61002 for charmpp-6.10.2-lbhciqcfpm2ianh3vawwzpskv36jfdca
Info: Built Thu Aug 25 00:11:54 UTC 2022 by kinghorn on tr64
Info: 1 NAMD  2.14  linux-x86_64-netlrts  16    amd1  kinghorn
Info: Running on 16 processors, 1 nodes, 1 physical nodes.
Info: CPU topology information available.
Info: Charm++/Converse parallel runtime startup completed at 0.00377929 s
CkLoopLib is used in SMP with simple dynamic scheduling (converse-level notification)
Info: 1175.11 MB of memory in use based on /proc/self/stat
Info: Configuration file is stmv/stmv.namd
Info: Changed directory to stmv
Info: SIMULATION PARAMETERS:
Info: TIMESTEP               1
Info: NUMBER OF STEPS        500
Info: STEPS PER CYCLE        20
Info: PERIODIC CELL BASIS 1  216.832 0 0
Info: PERIODIC CELL BASIS 2  0 216.832 0
Info: PERIODIC CELL BASIS 3  0 0 216.832
Info: PERIODIC CELL CENTER   0 0 0
Info: LOAD BALANCER  Centralized
Info: LOAD BALANCING STRATEGY  New Load Balancers -- DEFAULT
Info: LDB PERIOD             4000 steps
Info: FIRST LDB TIMESTEP     100
Info: LAST LDB TIMESTEP     -1
Info: LDB BACKGROUND SCALING 1
Info: HOM BACKGROUND SCALING 1
Info: PME BACKGROUND SCALING 1
Info: MIN ATOMS PER PATCH    40
Info: INITIAL TEMPERATURE    298
Info: CENTER OF MASS MOVING INITIALLY? NO
Info: DIELECTRIC             1
Info: EXCLUDE                SCALED ONE-FOUR
Info: 1-4 ELECTROSTATICS SCALED BY 1
Info: MODIFIED 1-4 VDW PARAMETERS WILL BE USED
Info: NO DCD TRAJECTORY OUTPUT
Info: NO EXTENDED SYSTEM TRAJECTORY OUTPUT
Info: NO VELOCITY DCD OUTPUT
Info: NO FORCE DCD OUTPUT
Info: OUTPUT FILENAME        ./tmp/stmv-output
Info: BINARY OUTPUT FILES WILL BE USED
Info: NO RESTART FILE
Info: SWITCHING ACTIVE
Info: SWITCHING ON           10
Info: SWITCHING OFF          12
Info: PAIRLIST DISTANCE      13.5
Info: PAIRLIST SHRINK RATE   0.01
Info: PAIRLIST GROW RATE     0.01
Info: PAIRLIST TRIGGER       0.3
Info: PAIRLISTS PER CYCLE    2
Info: PAIRLISTS ENABLED
Info: MARGIN                 0.48
Info: HYDROGEN GROUP CUTOFF  2.5
Info: PATCH DIMENSION        16.48
Info: ENERGY OUTPUT STEPS    20
Info: CROSSTERM ENERGY INCLUDED IN DIHEDRAL
Info: TIMING OUTPUT STEPS    20
Info: LANGEVIN DYNAMICS ACTIVE
Info: LANGEVIN TEMPERATURE   298
Info: LANGEVIN USING BBK INTEGRATOR
Info: LANGEVIN DAMPING COEFFICIENT IS 5 INVERSE PS
Info: LANGEVIN DYNAMICS NOT APPLIED TO HYDROGENS
Info: LANGEVIN PISTON PRESSURE CONTROL ACTIVE
Info:        TARGET PRESSURE IS 1.01325 BAR
Info:     OSCILLATION PERIOD IS 100 FS
Info:             DECAY TIME IS 50 FS
Info:     PISTON TEMPERATURE IS 298 K
Info:       PRESSURE CONTROL IS GROUP-BASED
Info:    INITIAL STRAIN RATE IS 0 0 0
Info:       CELL FLUCTUATION IS ISOTROPIC
Info: PARTICLE MESH EWALD (PME) ACTIVE
Info: PME TOLERANCE               1e-06
Info: PME EWALD COEFFICIENT       0.257952
Info: PME INTERPOLATION ORDER     4
Info: PME GRID DIMENSIONS         216 216 216
Info: PME MAXIMUM GRID SPACING    1.5
Info: Attempting to read FFTW data from system
Info: Attempting to read FFTW data from FFTW_NAMD_2.14_linux-x86_64-netlrts_FFTW3.txt
Info: Optimizing 6 FFT steps.  1... 2... 3... 4... 5... 6...   Done.
Info: Writing FFTW data to FFTW_NAMD_2.14_linux-x86_64-netlrts_FFTW3.txt
Info: FULL ELECTROSTATIC EVALUATION FREQUENCY      4
Info: USING VERLET I (r-RESPA) MTS SCHEME.
Info: C1 SPLITTING OF LONG RANGE ELECTROSTATICS
Info: PLACING ATOMS IN PATCHES BY HYDROGEN GROUPS
Info: RANDOM NUMBER SEED     1661454772
Info: USE HYDROGEN BONDS?    NO
Info: COORDINATE PDB         stmv.pdb
Info: STRUCTURE FILE         stmv.psf
Info: PARAMETER file: CHARMM format! 
Info: PARAMETERS             par_all27_prot_na.inp
Info: USING ARITHMETIC MEAN TO COMBINE L-J SIGMA PARAMETERS
Info: SUMMARY OF PARAMETERS:
Info: 250 BONDS
Info: 622 ANGLES
Info: 1049 DIHEDRAL
Info: 73 IMPROPER
Info: 0 CROSSTERM
Info: 130 VDW
Info: 0 VDW_PAIRS
Info: 0 NBTHOLE_PAIRS
Info: TIME FOR READING PSF FILE: 4.35215
Info: Reading pdb file stmv.pdb
Info: TIME FOR READING PDB FILE: 0.655325
Info: 
Info: ****************************
Info: STRUCTURE SUMMARY:
Info: 1066628 ATOMS
Info: 769956 BONDS
Info: 605872 ANGLES
Info: 450875 DIHEDRALS
Info: 24578 IMPROPERS
Info: 0 CROSSTERMS
Info: 0 EXCLUSIONS
Info: 3199884 DEGREES OF FREEDOM
Info: 389067 HYDROGEN GROUPS
Info: 4 ATOMS IN LARGEST HYDROGEN GROUP
Info: 389067 MIGRATION GROUPS
Info: 4 ATOMS IN LARGEST MIGRATION GROUP
Info: TOTAL MASS = 6.69877e+06 amu
Info: TOTAL CHARGE = 0.000168104 e
Info: MASS DENSITY = 1.09115 g/cm^3
Info: ATOM DENSITY = 0.104627 atoms/A^3
Info: *****************************
Info: 
Info: Entering startup at 5.6516 s, 1455.18 MB of memory in use
Info: Startup phase 0 took 0.000805675 s, 1455.18 MB of memory in use
Info: ADDED 1810196 IMPLICIT EXCLUSIONS
Info: Startup phase 1 took 0.197542 s, 1666.83 MB of memory in use
Info: NONBONDED TABLE R-SQUARED SPACING: 0.0625
Info: NONBONDED TABLE SIZE: 769 POINTS
Info: ABSOLUTE IMPRECISION IN FAST TABLE FORCE: 2.64698e-23 AT 11.9138
Info: RELATIVE IMPRECISION IN FAST TABLE FORCE: 1.40436e-16 AT 11.9138
Info: INCONSISTENCY IN FAST TABLE ENERGY VS FORCE: 0.000325096 AT 11.9556
Info: ABSOLUTE IMPRECISION IN SCOR TABLE FORCE: 2.24993e-22 AT 11.9138
Info: RELATIVE IMPRECISION IN SCOR TABLE FORCE: 1.95726e-15 AT 11.9138
Info: INCONSISTENCY IN SCOR TABLE ENERGY VS FORCE: 0.000324844 AT 11.9556
Info: ABSOLUTE IMPRECISION IN VDWA TABLE FORCE: 4.62223e-32 AT 11.9138
Info: RELATIVE IMPRECISION IN VDWA TABLE FORCE: 2.12237e-15 AT 11.9138
Info: INCONSISTENCY IN VDWA TABLE ENERGY VS FORCE: 0.0040507 AT 0.251946
Info: ABSOLUTE IMPRECISION IN VDWB TABLE FORCE: 3.87741e-26 AT 11.9138
Info: RELATIVE IMPRECISION IN VDWB TABLE FORCE: 5.97409e-16 AT 11.9138
Info: INCONSISTENCY IN VDWB TABLE ENERGY VS FORCE: 0.00150189 AT 0.251946
Info: Startup phase 2 took 0.000454765 s, 1666.83 MB of memory in use
Info: Startup phase 3 took 0.000117762 s, 1666.83 MB of memory in use
Info: Startup phase 4 took 0.0130646 s, 1666.83 MB of memory in use
Info: Startup phase 5 took 0.000143169 s, 1666.83 MB of memory in use
Info: PATCH GRID IS 13 (PERIODIC) BY 13 (PERIODIC) BY 13 (PERIODIC)
Info: PATCH GRID IS 1-AWAY BY 1-AWAY BY 1-AWAY
Info: REMOVING COM VELOCITY -0.00363512 0.000988985 0.00225609
Info: LARGEST PATCH (1044) HAS 541 ATOMS
Info: TORUS A SIZE 1 USING 0
Info: TORUS B SIZE 1 USING 0
Info: TORUS C SIZE 1 USING 0
Info: TORUS MINIMAL MESH SIZE IS 1 BY 1 BY 1
Info: Placed 100% of base nodes on same physical node as patch
Info: Startup phase 6 took 0.164491 s, 1835.93 MB of memory in use
Info: PME using 16 and 16 processors for FFT and reciprocal sum.
Info: PME GRID LOCATIONS: 0 1 2 3 4 5 6 7 8 9 ...
Info: PME TRANS LOCATIONS: 0 1 2 3 4 5 6 7 8 9 ...
Info: PME USING 1 GRID NODES AND 1 TRANS NODES
Info: Optimizing 4 FFT steps.  1... 2... 3... 4...   Done.
Info: Startup phase 7 took 0.98358 s, 1837.69 MB of memory in use
Info: Startup phase 8 took 0.000241854 s, 1837.69 MB of memory in use
Info: Startup phase 9 took 0.000149642 s, 1837.69 MB of memory in use
Info: Startup phase 10 took 0.000129413 s, 1837.69 MB of memory in use
Info: Startup phase 11 took 0.0055837 s, 1837.69 MB of memory in use
LDB: Central LB being created...
Info: Startup phase 12 took 0.00263651 s, 1837.69 MB of memory in use
Info: CREATING 44020 COMPUTE OBJECTS
Info: useSync: 0 useProxySync: 0
Info: Startup phase 13 took 0.0827241 s, 1841.05 MB of memory in use
Info: Startup phase 14 took 0.000170951 s, 1841.05 MB of memory in use
Info: Startup phase 15 took 0.00221699 s, 1858.3 MB of memory in use
Info: Finished startup at 7.10565 s, 1858.3 MB of memory in use

ETITLE:      TS           BOND          ANGLE          DIHED          IMPRP               ELECT            VDW       BOUNDARY           MISC        KINETIC               TOTAL           TEMP      POTENTIAL         TOTAL3        TEMPAVG            PRESSURE      GPRESSURE         VOLUME       PRESSAVG      GPRESSAVG

ENERGY:       0    354072.1600    280839.0161     81957.9556      4995.4407       -4503168.0864    384266.5102         0.0000         0.0000    948080.4051       -2448956.5987       298.1957  -3397037.0039  -2440317.3737       298.1957           1829.0280       189.2990  10194598.5131      1829.0280       189.2990

LDB: ============= START OF LOAD BALANCING ============== 15.147
LDB: ============== END OF LOAD BALANCING =============== 15.1471
Info: useSync: 0 useProxySync: 0
LDB: =============== DONE WITH MIGRATION ================ 15.1476
TIMING: 20  CPU: 8.47534, 0.365368/step  Wall: 9.10109, 0.391073/step, 0.0521431 hours remaining, 4822.835938 MB of memory in use.
ENERGY:      20    354588.9694    281061.1282     81910.7921      4984.6191       -4505440.9021    384470.8010         0.0000         0.0000    949857.9535       -2448566.6387       298.7547  -3398424.5922  -2439892.8565       298.2520           1765.1424       153.6674  10194442.0976       -21.2369       -20.8144

TIMING: 40  CPU: 16.0289, 0.377676/step  Wall: 16.8965, 0.389769/step, 0.0498039 hours remaining, 4891.902344 MB of memory in use.
ENERGY:      40    354977.6894    281398.4826     81918.6105      5102.9803       -4505312.7296    384404.9058         0.0000         0.0000    948996.1469       -2448513.9141       298.4837  -3397510.0610  -2439834.9984       298.4887           1698.0596       138.8686  10192497.7123        11.0833        12.1217

TIMING: 60  CPU: 23.5732, 0.377217/step  Wall: 24.6971, 0.390032/step, 0.0476706 hours remaining, 4894.207031 MB of memory in use.
ENERGY:      60    355131.8590    281679.4864     82050.6275      5089.4363       -4504065.7146    383346.1702         0.0000         0.0000    948522.4247       -2448245.7104       298.3347  -3396768.1352  -2439616.5148       298.4306           1612.6620        75.6228  10196311.4288         4.4102         3.7343

TIMING: 80  CPU: 31.1238, 0.377533/step  Wall: 32.5105, 0.390671/step, 0.0455783 hours remaining, 4896.070312 MB of memory in use.
ENERGY:      80    355532.1976    281103.3869     81995.0407      5094.2524       -4502941.4903    382088.7445         0.0000         0.0000    948623.5904       -2448504.2778       298.3665  -3397127.8682  -2439815.1440       298.5098           1560.6213        35.3283  10198256.1986        16.5906        18.4023

LDB: ============= START OF LOAD BALANCING ============== 46.3941
LDB: Largest compute 3661 load 0.075099 is 0.2% of average load 30.416472
LDB: Average compute 0.010228 is 0.0% of average load 30.416472
LDB: Partitioning computes with target load 3.041647
LDB: Increased migratable compute count from 41743 to 41743
LDB: Largest unpartitionable compute is 0.011305
LDB: ============== END OF LOAD BALANCING =============== 46.4017
Info: useSync: 0 useProxySync: 0
LDB: =============== DONE WITH MIGRATION ================ 46.4031
Info: Initial time: 16 CPUs 0.390656 s/step 4.52148 days/ns 4897.21 MB memory
TIMING: 100  CPU: 38.6968, 0.378647/step  Wall: 40.3552, 0.392234/step, 0.0435815 hours remaining, 4897.214844 MB of memory in use.
ENERGY:     100    355436.3143    280642.0880     82085.9641      5014.9526       -4504045.6152    383692.6532         0.0000         0.0000    948386.0770       -2448787.5661       298.2918  -3397173.6430  -2440091.1725       298.4674           1591.8331        70.3391  10195716.6986        -0.7947         1.0467

LDB: ============= START OF LOAD BALANCING ============== 54.2304
LDB: ============== END OF LOAD BALANCING =============== 54.2305
Info: useSync: 0 useProxySync: 0
LDB: =============== DONE WITH MIGRATION ================ 54.231
TIMING: 120  CPU: 46.2502, 0.377672/step  Wall: 48.1841, 0.391446/step, 0.0413193 hours remaining, 4897.722656 MB of memory in use.
ENERGY:     120    355582.9118    280468.0225     81980.6098      5100.5915       -4506417.9151    385198.8617         0.0000         0.0000    949534.4609       -2448552.4570       298.6530  -3398086.9179  -2439860.4493       298.5276           1663.3859       144.8675  10190707.3949        -9.9908       -12.4008

TIMING: 140  CPU: 53.809, 0.37794/step  Wall: 56.0018, 0.390884/step, 0.0390884 hours remaining, 4899.894531 MB of memory in use.
ENERGY:     140    355595.0476    280302.9788     81967.9965      5003.2559       -4504434.5953    384233.7631         0.0000         0.0000    948935.1781       -2448396.3753       298.4645  -3397331.5534  -2439677.3759       298.6221           1613.0183       101.0091  10193264.0896        10.6166         8.2804

TIMING: 160  CPU: 61.3629, 0.377693/step  Wall: 63.815, 0.390657/step, 0.0368954 hours remaining, 4899.894531 MB of memory in use.
ENERGY:     160    356097.9526    279433.2867     81950.7982      5100.9779       -4503512.6530    383130.6852         0.0000         0.0000    948918.7127       -2448880.2397       298.4593  -3397798.9524  -2440223.2741       298.4875           1571.5045        68.7564  10196801.0408       -14.4133       -16.2882

TIMING: 180  CPU: 68.9138, 0.377545/step  Wall: 71.6165, 0.390077/step, 0.0346735 hours remaining, 4900.632812 MB of memory in use.
ENERGY:     180    356457.2607    279987.3988     81829.4190      5067.5436       -4505379.9701    384055.0168         0.0000         0.0000    948599.6035       -2449383.7278       298.3590  -3397983.3313  -2440699.6219       298.5249           1609.0747       107.1836  10194749.7605         6.5756         7.0971

LDB: ============= START OF LOAD BALANCING ============== 85.4887
LDB: Largest compute 2966 load 0.072941 is 0.2% of average load 30.402479
LDB: Average compute 0.010215 is 0.0% of average load 30.402479
LDB: TIME 85.4963 LOAD: AVG 30.4025 MAX 31.2516  PROXIES: TOTAL 2368 MAXPE 167 MAXPATCH 3 None MEM: 4902.43 MB
LDB: TIME 85.5082 LOAD: AVG 30.4025 MAX 30.7204  PROXIES: TOTAL 2368 MAXPE 167 MAXPATCH 3 TorusLB MEM: 4902.43 MB
LDB: ============== END OF LOAD BALANCING =============== 85.5183
Info: useSync: 0 useProxySync: 0
LDB: =============== DONE WITH MIGRATION ================ 85.5306
Info: Initial time: 16 CPUs 0.391001 s/step 4.52548 days/ns 4913.93 MB memory
TIMING: 200  CPU: 76.5296, 0.38079/step  Wall: 79.4982, 0.394084/step, 0.0328404 hours remaining, 4913.925781 MB of memory in use.
ETITLE:      TS           BOND          ANGLE          DIHED          IMPRP               ELECT            VDW       BOUNDARY           MISC        KINETIC               TOTAL           TEMP      POTENTIAL         TOTAL3        TEMPAVG            PRESSURE      GPRESSURE         VOLUME       PRESSAVG      GPRESSAVG

ENERGY:     200    355972.8183    280216.4088     81923.6732      5067.8115       -4503030.4850    382563.3540         0.0000         0.0000    947799.6913       -2449486.7279       298.1074  -3397286.4192  -2440806.3104       298.3587           1567.9805        71.3695  10198379.9254        -5.6838        -4.8035

TIMING: 220  CPU: 84.2536, 0.386199/step  Wall: 87.3632, 0.39325/step, 0.0305861 hours remaining, 4913.925781 MB of memory in use.
ENERGY:     220    355998.3540    280065.8985     81820.0837      5071.1736       -4503775.4863    383104.7185         0.0000         0.0000    948366.6288       -2449348.6293       298.2857  -3397715.2581  -2440619.8890       298.1275           1568.2568        96.4408  10197300.3184        -7.4333        -7.7386

TIMING: 240  CPU: 91.9839, 0.386519/step  Wall: 95.2305, 0.393367/step, 0.0284098 hours remaining, 4913.925781 MB of memory in use.
ENERGY:     240    356117.1080    280556.6987     82011.2877      5030.1899       -4504415.3321    382424.4439         0.0000         0.0000    949314.8847       -2448960.7193       298.5839  -3398275.6040  -2440302.5917       298.5731           1506.4268        49.6177  10196926.6753        -3.9582        -5.5742

TIMING: 260  CPU: 99.7126, 0.386435/step  Wall: 103.094, 0.393197/step, 0.0262131 hours remaining, 4913.925781 MB of memory in use.
ENERGY:     260    356475.4713    280416.6274     82045.2309      5069.3770       -4507350.1816    385107.2849         0.0000         0.0000    948578.8665       -2449657.3236       298.3524  -3398236.1901  -2441021.7245       298.6224           1563.2490       102.5585  10192020.4279         4.7864         3.0191

TIMING: 280  CPU: 107.445, 0.386619/step  Wall: 110.963, 0.39345/step, 0.0240442 hours remaining, 4913.925781 MB of memory in use.
ENERGY:     280    356455.3449    280823.8523     81924.1035      4994.2093       -4506527.4337    383210.6581         0.0000         0.0000    949182.5815       -2449936.6841       298.5423  -3399119.2656  -2441254.8030       298.4944           1540.2713        78.1565  10194578.0822         4.0214         2.2720

LDB: ============= START OF LOAD BALANCING ============== 124.897
LDB: Largest compute 2918 load 0.095225 is 0.2% of average load 38.729124
LDB: Average compute 0.012756 is 0.0% of average load 38.729124
LDB: TIME 124.905 LOAD: AVG 38.7291 MAX 39.366  PROXIES: TOTAL 2368 MAXPE 167 MAXPATCH 3 None MEM: 4913.93 MB
LDB: TIME 124.907 LOAD: AVG 38.7291 MAX 39.366  PROXIES: TOTAL 2368 MAXPE 167 MAXPATCH 3 RefineTorusLB MEM: 4913.93 MB
LDB: TIME 124.916 LOAD: AVG 38.7291 MAX 39.1311  PROXIES: TOTAL 2368 MAXPE 167 MAXPATCH 3 RefineTorusLB MEM: 4913.93 MB
LDB: ============== END OF LOAD BALANCING =============== 124.918
Info: useSync: 0 useProxySync: 0
LDB: =============== DONE WITH MIGRATION ================ 124.919
Info: Initial time: 16 CPUs 0.393425 s/step 4.55353 days/ns 4913.93 MB memory
TIMING: 300  CPU: 115.221, 0.388776/step  Wall: 118.863, 0.394975/step, 0.0219431 hours remaining, 4913.925781 MB of memory in use.
ENERGY:     300    356531.5271    280797.1800     81843.7259      5130.0967       -4510546.8063    386965.9878         0.0000         0.0000    948692.0038       -2450586.2850       298.3880  -3399278.2888  -2441925.0429       298.3727           1609.3404       165.8534  10186986.7367         6.0525         6.2026

TIMING: 320  CPU: 122.97, 0.387454/step  Wall: 126.732, 0.393432/step, 0.0196716 hours remaining, 4913.925781 MB of memory in use.
ENERGY:     320    356737.8191    281277.8152     82020.8144      4984.9897       -4505926.0541    382916.4802         0.0000         0.0000    947329.9035       -2450658.2320       297.9596  -3397988.1355  -2441952.9284       298.2254           1448.2244        36.2102  10196024.4297         0.4910        -0.3127

TIMING: 340  CPU: 130.715, 0.387256/step  Wall: 134.581, 0.392491/step, 0.0174441 hours remaining, 4913.925781 MB of memory in use.
ENERGY:     340    357346.2373    281234.9260     81844.9442      5038.2301       -4508370.3185    384193.4792         0.0000         0.0000    948101.9069       -2450610.5949       298.2024  -3398712.5018  -2441928.0132       298.1743           1460.4595        69.6363  10193996.3908        -9.9939       -11.2484

TIMING: 360  CPU: 138.466, 0.387563/step  Wall: 142.445, 0.393188/step, 0.0152906 hours remaining, 4913.925781 MB of memory in use.
ENERGY:     360    357277.8357    281321.1968     81897.9289      5086.7999       -4509522.3868    385699.6858         0.0000         0.0000    947825.2469       -2450413.6928       298.1154  -3398238.9397  -2441738.5155       298.3369           1531.7119       152.9452  10189643.8524         8.5661         8.0506

TIMING: 380  CPU: 146.213, 0.387338/step  Wall: 150.301, 0.392812/step, 0.0130937 hours remaining, 4913.925781 MB of memory in use.
ENERGY:     380    357237.4351    280608.6006     81984.4243      5107.1701       -4506495.8184    383222.1925         0.0000         0.0000    948220.1711       -2450115.8246       298.2396  -3398335.9957  -2441405.4681       298.3980           1441.6431        72.2997  10195113.3084       -15.4775       -13.9961

LDB: ============= START OF LOAD BALANCING ============== 164.231
LDB: Largest compute 2918 load 0.097956 is 0.3% of average load 38.769756
LDB: Average compute 0.012738 is 0.0% of average load 38.769756
LDB: TIME 164.239 LOAD: AVG 38.7698 MAX 39.2939  PROXIES: TOTAL 2368 MAXPE 167 MAXPATCH 3 None MEM: 4913.93 MB
LDB: TIME 164.24 LOAD: AVG 38.7698 MAX 39.2939  PROXIES: TOTAL 2368 MAXPE 167 MAXPATCH 3 RefineTorusLB MEM: 4913.93 MB
LDB: TIME 164.243 LOAD: AVG 38.7698 MAX 39.1723  PROXIES: TOTAL 2369 MAXPE 167 MAXPATCH 3 RefineTorusLB MEM: 4913.93 MB
LDB: ============== END OF LOAD BALANCING =============== 164.245
Info: useSync: 0 useProxySync: 0
LDB: =============== DONE WITH MIGRATION ================ 164.246
Info: Benchmark time: 16 CPUs 0.393089 s/step 4.54964 days/ns 4913.93 MB memory
TIMING: 400  CPU: 153.998, 0.389239/step  Wall: 158.188, 0.394317/step, 0.0109532 hours remaining, 4913.925781 MB of memory in use.
ETITLE:      TS           BOND          ANGLE          DIHED          IMPRP               ELECT            VDW       BOUNDARY           MISC        KINETIC               TOTAL           TEMP      POTENTIAL         TOTAL3        TEMPAVG            PRESSURE      GPRESSURE         VOLUME       PRESSAVG      GPRESSAVG

ENERGY:     400    357558.3098    280328.8863     82069.1848      5115.5099       -4506943.7178    383690.2306         0.0000         0.0000    948213.2730       -2449968.3234       298.2375  -3398181.5964  -2441372.5021       298.1914           1368.1947        39.5664  10194262.3695        26.6349        27.3222

TIMING: 420  CPU: 161.74, 0.387107/step  Wall: 166.04, 0.392624/step, 0.00872497 hours remaining, 4913.925781 MB of memory in use.
ENERGY:     420    357307.6743    280729.7656     81963.0726      5053.0558       -4506410.3850    383512.8164         0.0000         0.0000    948372.8247       -2449471.1755       298.2876  -3397844.0002  -2440760.4166       298.3978           1393.9059        72.3409  10193901.1307         4.4057         2.4697

TIMING: 440  CPU: 169.5, 0.387995/step  Wall: 173.894, 0.392699/step, 0.00654499 hours remaining, 4913.925781 MB of memory in use.
ENERGY:     440    357328.1535    280067.2981     81869.9794      5065.8111       -4505713.4092    382806.2055         0.0000         0.0000    949252.3845       -2449323.5771       298.5643  -3398575.9616  -2440656.4342       298.4024           1374.2019        58.2373  10194997.2957         6.2495         5.2080

TIMING: 460  CPU: 177.235, 0.386763/step  Wall: 181.745, 0.392538/step, 0.00436154 hours remaining, 4913.925781 MB of memory in use.
ENERGY:     460    357855.4359    279997.7154     82003.1505      5010.2839       -4507892.7453    384351.3047         0.0000         0.0000    949120.9741       -2449553.8809       298.5229  -3398674.8550  -2440913.1384       298.4690           1399.9053       103.2733  10191550.3518        -6.1587        -6.4766

TIMING: 480  CPU: 184.976, 0.387062/step  Wall: 189.596, 0.392534/step, 0.00218074 hours remaining, 4913.925781 MB of memory in use.
ENERGY:     480    357233.4202    279905.5851     82073.3944      5043.4175       -4507154.1820    383571.8479         0.0000         0.0000    949623.9390       -2449702.5779       298.6811  -3399326.5170  -2440996.3901       298.4552           1358.2375        72.6654  10193176.9580         8.3102         7.6187

Info: Benchmark time: 16 CPUs 0.391575 s/step 4.53212 days/ns 4913.93 MB memory
TIMING: 500  CPU: 192.607, 0.381537/step  Wall: 197.345, 0.387482/step, 0 hours remaining, 4913.925781 MB of memory in use.
ENERGY:     500    358042.1328    280144.9016     82004.6353      4979.2997       -4505307.1850    382567.9165         0.0000         0.0000    947379.8175       -2450188.4817       297.9753  -3397568.2992  -2441489.5271       298.2105           1304.7651        32.2944  10195905.7908         2.9401         0.9367

WRITING EXTENDED SYSTEM TO OUTPUT FILE AT STEP 500
ERROR: Error on renaming file ./tmp/stmv-output.xsc to ./tmp/stmv-output.xsc.BAK: Read-only file system
FATAL ERROR: Unable to open text file ./tmp/stmv-output.xsc: File exists
[Partition 0][Node 0] End of program
Info: Benchmark time: 16 CPUs 0.391575 s/step 4.53212 days/ns 4913.93 MB memory
