************************************************************************
Running namd benchmark with job apoa1 and 16 threads
************************************************************************
Charm++: standalone mode (not using charmrun)
Charm++> Running in SMP mode: 1 processes, 16 worker threads (PEs) + 1 comm threads per process, 16 PEs total
Charm++> The comm. thread both sends and receives messages
Charm++> Using recursive bisection (scheme 3) for topology aware partitions
Converse/Charm++ Commit ID: v6.10.2
Warning> Randomization of virtual memory (ASLR) is turned on in the kernel, thread migration may not work! Run 'echo 0 > /proc/sys/kernel/randomize_va_space' as root to disable it, or try running with '+isomalloc_sync'.
Charm++> scheduler running in netpoll mode.
Charm++ communication thread will sleep due to single-process run.
CharmLB> Load balancer assumes all CPUs are same.
Charm++> cpu affinity enabled. 
Charm++> Running on 1 hosts (1 sockets x 8 cores x 2 PUs = 16-way SMP)
Charm++> cpu topology info is gathered in 0.000 seconds.

Charm++> Warning: the number of SMP threads (17) is greater than the number of physical cores (16), so threads will sleep while idling. Use +CmiSpinOnIdle or +CmiSleepOnIdle to control this directly.

Info: NAMD 2.14 for linux-x86_64-netlrts
Info: 
Info: Please visit http://www.ks.uiuc.edu/Research/namd/
Info: for updates, documentation, and support information.
Info: 
Info: Please cite Phillips et al., J. Chem. Phys. 153:044130 (2020) doi:10.1063/5.0014475
Info: in all publications reporting results obtained with NAMD.
Info: 
Info: Based on Charm++/Converse 61002 for charmpp-6.10.2-lbhciqcfpm2ianh3vawwzpskv36jfdca
Info: Built Thu Aug 25 00:11:54 UTC 2022 by kinghorn on tr64
Info: 1 NAMD  2.14  linux-x86_64-netlrts  16    amd1  kinghorn
Info: Running on 16 processors, 1 nodes, 1 physical nodes.
Info: CPU topology information available.
Info: Charm++/Converse parallel runtime startup completed at 0.0111237 s
CkLoopLib is used in SMP with simple dynamic scheduling (converse-level notification)
Info: 1175.09 MB of memory in use based on /proc/self/stat
Info: Configuration file is apoa1/apoa1.namd
Info: Changed directory to apoa1
Info: SIMULATION PARAMETERS:
Info: TIMESTEP               1
Info: NUMBER OF STEPS        500
Info: STEPS PER CYCLE        20
Info: PERIODIC CELL BASIS 1  108.861 0 0
Info: PERIODIC CELL BASIS 2  0 108.861 0
Info: PERIODIC CELL BASIS 3  0 0 77.758
Info: PERIODIC CELL CENTER   0 0 0
Info: LOAD BALANCER  Centralized
Info: LOAD BALANCING STRATEGY  New Load Balancers -- DEFAULT
Info: LDB PERIOD             4000 steps
Info: FIRST LDB TIMESTEP     100
Info: LAST LDB TIMESTEP     -1
Info: LDB BACKGROUND SCALING 1
Info: HOM BACKGROUND SCALING 1
Info: PME BACKGROUND SCALING 1
Info: MIN ATOMS PER PATCH    40
Info: INITIAL TEMPERATURE    300
Info: CENTER OF MASS MOVING INITIALLY? NO
Info: DIELECTRIC             1
Info: EXCLUDE                SCALED ONE-FOUR
Info: 1-4 ELECTROSTATICS SCALED BY 1
Info: MODIFIED 1-4 VDW PARAMETERS WILL BE USED
Info: NO DCD TRAJECTORY OUTPUT
Info: NO EXTENDED SYSTEM TRAJECTORY OUTPUT
Info: NO VELOCITY DCD OUTPUT
Info: NO FORCE DCD OUTPUT
Info: OUTPUT FILENAME        ./tmp/apoa1-out
Info: BINARY OUTPUT FILES WILL BE USED
Info: NO RESTART FILE
Info: SWITCHING ACTIVE
Info: SWITCHING ON           10
Info: SWITCHING OFF          12
Info: PAIRLIST DISTANCE      13.5
Info: PAIRLIST SHRINK RATE   0.01
Info: PAIRLIST GROW RATE     0.01
Info: PAIRLIST TRIGGER       0.3
Info: PAIRLISTS PER CYCLE    2
Info: PAIRLISTS ENABLED
Info: MARGIN                 0
Info: HYDROGEN GROUP CUTOFF  2.5
Info: PATCH DIMENSION        16
Info: ENERGY OUTPUT STEPS    20
Info: CROSSTERM ENERGY INCLUDED IN DIHEDRAL
Info: TIMING OUTPUT STEPS    20
Info: PARTICLE MESH EWALD (PME) ACTIVE
Info: PME TOLERANCE               1e-06
Info: PME EWALD COEFFICIENT       0.257952
Info: PME INTERPOLATION ORDER     4
Info: PME GRID DIMENSIONS         108 108 80
Info: PME MAXIMUM GRID SPACING    1.5
Info: Attempting to read FFTW data from system
Info: Attempting to read FFTW data from FFTW_NAMD_2.14_linux-x86_64-netlrts_FFTW3.txt
Info: Optimizing 6 FFT steps.  1... 2... 3... 4... 5... 6...   Done.
Info: Writing FFTW data to FFTW_NAMD_2.14_linux-x86_64-netlrts_FFTW3.txt
Info: FULL ELECTROSTATIC EVALUATION FREQUENCY      4
Info: USING VERLET I (r-RESPA) MTS SCHEME.
Info: C1 SPLITTING OF LONG RANGE ELECTROSTATICS
Info: PLACING ATOMS IN PATCHES BY HYDROGEN GROUPS
Info: RANDOM NUMBER SEED     74269
Info: USE HYDROGEN BONDS?    NO
Info: COORDINATE PDB         apoa1.pdb
Info: STRUCTURE FILE         apoa1.psf
Info: PARAMETER file: XPLOR format! (default) 
Info: PARAMETERS             par_all22_prot_lipid.xplor
Info: PARAMETERS             par_all22_popc.xplor
Info: USING ARITHMETIC MEAN TO COMBINE L-J SIGMA PARAMETERS
Info: SUMMARY OF PARAMETERS:
Info: 177 BONDS
Info: 435 ANGLES
Info: 446 DIHEDRAL
Info: 45 IMPROPER
Info: 0 CROSSTERM
Info: 83 VDW
Info: 6 VDW_PAIRS
Info: 0 NBTHOLE_PAIRS
Info: TIME FOR READING PSF FILE: 0.421501
Info: Reading pdb file apoa1.pdb
Info: TIME FOR READING PDB FILE: 0.0541318
Info: 
Info: ****************************
Info: STRUCTURE SUMMARY:
Info: 92224 ATOMS
Info: 70660 BONDS
Info: 74136 ANGLES
Info: 74130 DIHEDRALS
Info: 1402 IMPROPERS
Info: 0 CROSSTERMS
Info: 0 EXCLUSIONS
Info: 1568 DIHEDRALS WITH MULTIPLE PERIODICITY (BASED ON PSF FILE)
Info: 276669 DEGREES OF FREEDOM
Info: 32992 HYDROGEN GROUPS
Info: 4 ATOMS IN LARGEST HYDROGEN GROUP
Info: 32992 MIGRATION GROUPS
Info: 4 ATOMS IN LARGEST MIGRATION GROUP
Info: TOTAL MASS = 553785 amu
Info: TOTAL CHARGE = -14 e
Info: MASS DENSITY = 0.997951 g/cm^3
Info: ATOM DENSITY = 0.100081 atoms/A^3
Info: *****************************
Info: 
Info: Entering startup at 0.495835 s, 1200.78 MB of memory in use
Info: Startup phase 0 took 0.000626337 s, 1200.78 MB of memory in use
Info: ADDED 218698 IMPLICIT EXCLUSIONS
Info: Startup phase 1 took 0.0169494 s, 1222.8 MB of memory in use
Info: NONBONDED TABLE R-SQUARED SPACING: 0.0625
Info: NONBONDED TABLE SIZE: 769 POINTS
Info: ABSOLUTE IMPRECISION IN FAST TABLE FORCE: 2.64698e-23 AT 11.9138
Info: RELATIVE IMPRECISION IN FAST TABLE FORCE: 1.40436e-16 AT 11.9138
Info: INCONSISTENCY IN FAST TABLE ENERGY VS FORCE: 0.000325096 AT 11.9556
Info: ABSOLUTE IMPRECISION IN SCOR TABLE FORCE: 2.24993e-22 AT 11.9138
Info: RELATIVE IMPRECISION IN SCOR TABLE FORCE: 1.95726e-15 AT 11.9138
Info: INCONSISTENCY IN SCOR TABLE ENERGY VS FORCE: 0.000324844 AT 11.9556
Info: ABSOLUTE IMPRECISION IN VDWA TABLE FORCE: 4.62223e-32 AT 11.9138
Info: RELATIVE IMPRECISION IN VDWA TABLE FORCE: 2.12237e-15 AT 11.9138
Info: INCONSISTENCY IN VDWA TABLE ENERGY VS FORCE: 0.0040507 AT 0.251946
Info: ABSOLUTE IMPRECISION IN VDWB TABLE FORCE: 3.87741e-26 AT 11.9138
Info: RELATIVE IMPRECISION IN VDWB TABLE FORCE: 5.97409e-16 AT 11.9138
Info: INCONSISTENCY IN VDWB TABLE ENERGY VS FORCE: 0.00150189 AT 0.251946
Info: Startup phase 2 took 0.000660901 s, 1222.8 MB of memory in use
Info: Startup phase 3 took 0.000455102 s, 1222.8 MB of memory in use
Info: Startup phase 4 took 0.00258786 s, 1222.8 MB of memory in use
Info: Startup phase 5 took 0.000418408 s, 1222.8 MB of memory in use
Info: PATCH GRID IS 6 (PERIODIC) BY 6 (PERIODIC) BY 4 (PERIODIC)
Info: PATCH GRID IS 1-AWAY BY 1-AWAY BY 1-AWAY
Info: REMOVING COM VELOCITY 0.00117959 0.0289175 0.0202933
Info: LARGEST PATCH (56) HAS 718 ATOMS
Info: TORUS A SIZE 1 USING 0
Info: TORUS B SIZE 1 USING 0
Info: TORUS C SIZE 1 USING 0
Info: TORUS MINIMAL MESH SIZE IS 1 BY 1 BY 1
Info: Placed 100% of base nodes on same physical node as patch
Info: Startup phase 6 took 0.0119926 s, 1242.62 MB of memory in use
Info: PME using 16 and 16 processors for FFT and reciprocal sum.
Info: PME GRID LOCATIONS: 0 1 2 3 4 5 6 7 8 9 ...
Info: PME TRANS LOCATIONS: 0 1 2 3 4 5 6 7 8 9 ...
Info: PME USING 1 GRID NODES AND 1 TRANS NODES
Info: Optimizing 4 FFT steps.  1... 2... 3... 4...   Done.
Info: Startup phase 7 took 0.539867 s, 1242.62 MB of memory in use
Info: Startup phase 8 took 0.000427911 s, 1242.62 MB of memory in use
Info: Startup phase 9 took 0.000367648 s, 1242.62 MB of memory in use
Info: Startup phase 10 took 0.0003849 s, 1242.62 MB of memory in use
Info: Startup phase 11 took 0.00131969 s, 1242.62 MB of memory in use
LDB: Central LB being created...
Info: Startup phase 12 took 0.000628366 s, 1242.62 MB of memory in use
Info: CREATING 2960 COMPUTE OBJECTS
Info: useSync: 0 useProxySync: 0
Info: Startup phase 13 took 0.00627758 s, 1242.62 MB of memory in use
Info: Startup phase 14 took 0.000376179 s, 1242.62 MB of memory in use
Info: Startup phase 15 took 0.000143829 s, 1242.62 MB of memory in use
Info: Finished startup at 1.07932 s, 1242.62 MB of memory in use

ETITLE:      TS           BOND          ANGLE          DIHED          IMPRP               ELECT            VDW       BOUNDARY           MISC        KINETIC               TOTAL           TEMP      POTENTIAL         TOTAL3        TEMPAVG            PRESSURE      GPRESSURE         VOLUME       PRESSAVG      GPRESSAVG

ENERGY:       0     12352.4560     14603.1480      4549.0710        48.1064        -362073.7645     24229.5386         0.0000         0.0000     82752.2738        -223539.1708       301.0300   -306291.4445   -223524.8434       301.0300          -2568.6700     -3582.2529    921491.4634     -2568.6700     -3582.2529

LDB: ============= START OF LOAD BALANCING ============== 1.78326
LDB: ============== END OF LOAD BALANCING =============== 1.78341
Info: useSync: 0 useProxySync: 0
LDB: =============== DONE WITH MIGRATION ================ 1.78392
TIMING: 20  CPU: 0.63308, 0.0276096/step  Wall: 0.798855, 0.0323122/step, 0.00430829 hours remaining, 1255.710938 MB of memory in use.
ENERGY:      20     17965.5059     22054.9968      5321.8173       125.9640        -348206.1504     31862.6146         0.0000         0.0000     47960.4279        -222914.8241       174.4669   -270875.2519   -223082.7565       180.4931           -133.8092      -346.5435    921491.4634     -1678.6222     -1681.3422

TIMING: 40  CPU: 1.20225, 0.0284586/step  Wall: 1.44509, 0.0323118/step, 0.00412873 hours remaining, 1256.246094 MB of memory in use.
ENERGY:      40     18175.3605     23091.9464      5712.9374       193.7351        -348398.4351     30569.2896         0.0000         0.0000     47793.1199        -222862.0462       173.8582   -270655.1661   -222794.4398       164.0042          -3285.9413      -815.4627    921491.4634        26.5077       102.4308

TIMING: 60  CPU: 1.74619, 0.0271971/step  Wall: 2.0913, 0.0323104/step, 0.00394905 hours remaining, 1256.246094 MB of memory in use.
ENERGY:      60     23449.5628     23017.6821      5743.3644       198.4364        -341915.2454     25462.3554         0.0000         0.0000     41666.5934        -222377.2510       151.5716   -264043.8443   -222570.6135       157.8443          -5200.1093     -1391.6013    921491.4634     -1160.9378     -1232.5535

TIMING: 80  CPU: 2.29398, 0.0273892/step  Wall: 2.73009, 0.0319397/step, 0.00372629 hours remaining, 1256.246094 MB of memory in use.
ENERGY:      80     23193.1680     21560.0611      5781.8893       195.6591        -338486.0813     23496.1321         0.0000         0.0000     41930.4062        -222328.7654       152.5313   -264259.1716   -222421.5960       158.7193          -3928.2132     -2382.1047    921491.4634     -1641.5971     -1681.4269

LDB: ============= START OF LOAD BALANCING ============== 4.35683
LDB: Largest compute 200 load 0.106215 is 4.6% of average load 2.331605
LDB: Average compute 0.012266 is 0.5% of average load 2.331605
LDB: Partitioning computes with target load 0.233161
LDB: Increased migratable compute count from 2736 to 2736
LDB: Largest unpartitionable compute is 0.017394
LDB: ============== END OF LOAD BALANCING =============== 4.35789
Info: useSync: 0 useProxySync: 0
LDB: =============== DONE WITH MIGRATION ================ 4.38899
Info: Initial time: 16 CPUs 0.0325492 s/step 0.376727 days/ns 1256.25 MB memory
TIMING: 100  CPU: 2.865, 0.0285512/step  Wall: 3.44079, 0.0355349/step, 0.00394832 hours remaining, 1256.246094 MB of memory in use.
ENERGY:     100     23587.3017     20475.3729      5773.0375       205.1509        -335896.4545     22125.7956         0.0000         0.0000     41455.8050        -222273.9908       150.8048   -263729.7958   -222326.1684       155.8717          -2788.3914     -2294.3873    921491.4634     -2315.9836     -2139.9306

LDB: ============= START OF LOAD BALANCING ============== 5.07516
LDB: ============== END OF LOAD BALANCING =============== 5.07536
Info: useSync: 0 useProxySync: 0
LDB: =============== DONE WITH MIGRATION ================ 5.07592
TIMING: 120  CPU: 3.40848, 0.0271737/step  Wall: 4.08679, 0.0322997/step, 0.00340942 hours remaining, 1256.246094 MB of memory in use.
ENERGY:     120     23278.7479     18843.5007      5721.1111       217.5091        -334559.3134     21317.8949         0.0000         0.0000     42838.0030        -222342.5467       155.8329   -265180.5497   -222260.9650       157.8174          -4802.3835     -2609.8228    921491.4634     -2372.3430     -2326.0155

TIMING: 140  CPU: 3.97132, 0.0281422/step  Wall: 4.73351, 0.0323364/step, 0.00323364 hours remaining, 1256.246094 MB of memory in use.
ENERGY:     140     20992.5973     17997.1575      5722.1741       192.2140        -333726.9351     21127.4020         0.0000         0.0000     45144.2511        -222551.1392       164.2224   -267695.3903   -222224.0320       156.6847          -5617.7625     -3080.3635    921491.4634     -2486.4077     -2707.4106

TIMING: 160  CPU: 4.51934, 0.0274009/step  Wall: 5.36607, 0.031628/step, 0.00298709 hours remaining, 1256.246094 MB of memory in use.
ENERGY:     160     21093.2838     18859.3044      5717.0749       174.4915        -333735.9058     20833.5427         0.0000         0.0000     44515.8594        -222542.3489       161.9365   -267058.2084   -222175.6742       157.1304          -3202.8703     -2752.7601    921491.4634     -2662.6388     -2774.5667

TIMING: 180  CPU: 5.06658, 0.0273622/step  Wall: 6.00323, 0.0318577/step, 0.00283179 hours remaining, 1256.394531 MB of memory in use.
ENERGY:     180     19770.2937     19384.7963      5738.8341       156.9935        -334084.3426     21065.2869         0.0000         0.0000     45324.2212        -222643.9168       164.8771   -267968.1380   -222142.6301       159.0530          -2684.8627     -2671.3559    921491.4634     -3067.8716     -2853.3727

LDB: ============= START OF LOAD BALANCING ============== 7.6281
LDB: Largest compute 200 load 0.102246 is 4.4% of average load 2.317156
LDB: Average compute 0.012202 is 0.5% of average load 2.317156
LDB: TIME 7.62873 LOAD: AVG 2.31716 MAX 2.55187  PROXIES: TOTAL 320 MAXPE 21 MAXPATCH 4 None MEM: 1256.39 MB
LDB: TIME 7.62943 LOAD: AVG 2.31716 MAX 2.38895  PROXIES: TOTAL 320 MAXPE 21 MAXPATCH 4 TorusLB MEM: 1256.39 MB
LDB: ============== END OF LOAD BALANCING =============== 7.63098
Info: useSync: 0 useProxySync: 0
LDB: =============== DONE WITH MIGRATION ================ 7.63335
Info: Initial time: 16 CPUs 0.0319685 s/step 0.370006 days/ns 1257.24 MB memory
TIMING: 200  CPU: 5.61528, 0.0274348/step  Wall: 6.64422, 0.0320494/step, 0.00267078 hours remaining, 1257.242188 MB of memory in use.
ETITLE:      TS           BOND          ANGLE          DIHED          IMPRP               ELECT            VDW       BOUNDARY           MISC        KINETIC               TOTAL           TEMP      POTENTIAL         TOTAL3        TEMPAVG            PRESSURE      GPRESSURE         VOLUME       PRESSAVG      GPRESSAVG

ENERGY:     200     21073.6831     18595.6348      5711.8747       190.0258        -334670.2712     21209.9200         0.0000         0.0000     45319.1600        -222569.9729       164.8586   -267889.1329   -222114.5202       159.3415          -5241.8524     -2703.6811    921491.4634     -2833.0372     -2725.7980

TIMING: 220  CPU: 6.20193, 0.0293326/step  Wall: 7.24679, 0.0301289/step, 0.00234336 hours remaining, 1257.671875 MB of memory in use.
ENERGY:     220     21580.9138     19260.1135      5743.1672       189.1021        -335473.8333     21655.3138         0.0000         0.0000     44539.5738        -222505.6492       162.0227   -267045.2230   -222092.6246       160.6373          -5898.3509     -2876.6574    921491.4634     -2490.1048     -2667.0267

TIMING: 240  CPU: 6.78339, 0.0290729/step  Wall: 7.85254, 0.0302871/step, 0.0021874 hours remaining, 1258.316406 MB of memory in use.
ENERGY:     240     22861.0415     20119.9133      5760.6910       171.4213        -335766.3525     21854.4206         0.0000         0.0000     42641.4773        -222357.3875       155.1180   -264998.8648   -222074.0909       160.4824          -3844.9084     -2568.3894    921491.4634     -2527.3780     -2611.4327

TIMING: 260  CPU: 7.35846, 0.0287538/step  Wall: 8.46307, 0.0305268/step, 0.00203512 hours remaining, 1258.316406 MB of memory in use.
ENERGY:     260     22744.9540     19188.2462      5675.1875       191.0393        -336169.7633     21924.7845         0.0000         0.0000     44083.4304        -222362.1215       160.3634   -266445.5518   -222069.6771       161.4987          -3407.4794     -2810.9877    921491.4634     -2776.7401     -2667.0011

TIMING: 280  CPU: 7.93807, 0.02898/step  Wall: 9.07026, 0.0303597/step, 0.00185531 hours remaining, 1258.316406 MB of memory in use.
ENERGY:     280     22859.3229     19458.4366      5670.0026       185.3899        -336752.6535     22145.1306         0.0000         0.0000     44066.7335        -222367.6375       160.3027   -266434.3710   -222073.4203       161.6459          -4286.3895     -2748.0545    921491.4634     -2693.2714     -2613.5242

LDB: ============= START OF LOAD BALANCING ============== 10.6755
LDB: Largest compute 200 load 0.130357 is 4.5% of average load 2.903438
LDB: Average compute 0.015533 is 0.5% of average load 2.903438
LDB: TIME 10.6761 LOAD: AVG 2.90344 MAX 3.04203  PROXIES: TOTAL 320 MAXPE 21 MAXPATCH 4 None MEM: 1258.32 MB
LDB: TIME 10.6763 LOAD: AVG 2.90344 MAX 3.04203  PROXIES: TOTAL 320 MAXPE 21 MAXPATCH 4 RefineTorusLB MEM: 1258.32 MB
LDB: TIME 10.6766 LOAD: AVG 2.90344 MAX 2.9489  PROXIES: TOTAL 323 MAXPE 23 MAXPATCH 4 RefineTorusLB MEM: 1258.32 MB
LDB: ============== END OF LOAD BALANCING =============== 10.677
Info: useSync: 0 useProxySync: 0
LDB: =============== DONE WITH MIGRATION ================ 10.6789
Info: Initial time: 16 CPUs 0.0303686 s/step 0.351489 days/ns 1258.32 MB memory
TIMING: 300  CPU: 8.52515, 0.029354/step  Wall: 9.68519, 0.0307462/step, 0.00170812 hours remaining, 1258.316406 MB of memory in use.
ENERGY:     300     21869.9881     20174.1887      5731.6695       182.6816        -337209.8934     22385.4733         0.0000         0.0000     44423.7995        -222442.0928       161.6016   -266865.8923   -222076.5824       161.8932          -4600.9410     -2563.6017    921491.4634     -2547.9499     -2620.2318

TIMING: 320  CPU: 9.10832, 0.0291587/step  Wall: 10.2905, 0.0302652/step, 0.00151326 hours remaining, 1258.316406 MB of memory in use.
ENERGY:     320     21393.3833     20196.2689      5687.3971       178.9168        -337738.1062     22532.5428         0.0000         0.0000     45250.4876        -222499.1098       164.6088   -267749.5974   -222076.2025       162.2028          -3895.6022     -2553.5000    921491.4634     -2328.6775     -2419.9927

TIMING: 340  CPU: 9.69793, 0.0294806/step  Wall: 10.8898, 0.0299675/step, 0.00133189 hours remaining, 1258.316406 MB of memory in use.
ENERGY:     340     20898.6065     20139.5369      5681.9995       179.9655        -337821.3586     22621.7094         0.0000         0.0000     45758.5726        -222540.9682       166.4571   -268299.5408   -222070.3910       162.0722          -2966.9708     -2503.9481    921491.4634     -2588.8191     -2572.6684

TIMING: 360  CPU: 10.2828, 0.0292421/step  Wall: 11.4834, 0.029677/step, 0.0011541 hours remaining, 1258.316406 MB of memory in use.
ENERGY:     360     21112.5809     20418.0331      5690.9152       182.1442        -338077.5414     22797.1635         0.0000         0.0000     45362.4565        -222514.2481       165.0161   -267876.7046   -222065.3833       162.0273          -3505.9503     -2622.8568    921491.4634     -2490.4401     -2393.7691

TIMING: 380  CPU: 10.8699, 0.0293546/step  Wall: 12.0803, 0.0298464/step, 0.000994881 hours remaining, 1258.316406 MB of memory in use.
ENERGY:     380     21458.1127     20605.4116      5719.3306       183.8284        -338176.3357     22892.6481         0.0000         0.0000     44833.7901        -222483.2140       163.0930   -267317.0041   -222063.6438       162.7435          -4580.2704     -2564.2100    921491.4634     -2525.8343     -2510.8984

LDB: ============= START OF LOAD BALANCING ============== 13.6733
LDB: Largest compute 200 load 0.133544 is 4.6% of average load 2.928963
LDB: Average compute 0.015645 is 0.5% of average load 2.928963
LDB: TIME 13.6739 LOAD: AVG 2.92896 MAX 2.99249  PROXIES: TOTAL 320 MAXPE 21 MAXPATCH 4 None MEM: 1258.32 MB
LDB: TIME 13.6741 LOAD: AVG 2.92896 MAX 2.99249  PROXIES: TOTAL 323 MAXPE 23 MAXPATCH 4 RefineTorusLB MEM: 1258.32 MB
LDB: TIME 13.6742 LOAD: AVG 2.92896 MAX 2.97116  PROXIES: TOTAL 323 MAXPE 23 MAXPATCH 4 RefineTorusLB MEM: 1258.32 MB
LDB: ============== END OF LOAD BALANCING =============== 13.6745
Info: useSync: 0 useProxySync: 0
LDB: =============== DONE WITH MIGRATION ================ 13.6764
Info: Benchmark time: 16 CPUs 0.0299329 s/step 0.346446 days/ns 1258.32 MB memory
TIMING: 400  CPU: 11.4626, 0.029637/step  Wall: 12.6821, 0.0300896/step, 0.000835822 hours remaining, 1258.316406 MB of memory in use.
ETITLE:      TS           BOND          ANGLE          DIHED          IMPRP               ELECT            VDW       BOUNDARY           MISC        KINETIC               TOTAL           TEMP      POTENTIAL         TOTAL3        TEMPAVG            PRESSURE      GPRESSURE         VOLUME       PRESSAVG      GPRESSAVG

ENERGY:     400     21983.9554     19981.4880      5714.2278       174.7230        -338264.6635     23090.3489         0.0000         0.0000     44890.2677        -222429.6526       163.2985   -267319.9203   -222060.6787       162.8388          -4748.6076     -2656.9993    921491.4634     -2158.0501     -2271.9648

TIMING: 420  CPU: 12.0553, 0.0296338/step  Wall: 13.2869, 0.0302386/step, 0.000671969 hours remaining, 1258.316406 MB of memory in use.
ENERGY:     420     21812.8757     19887.3911      5695.0415       180.6771        -338321.5424     23183.0530         0.0000         0.0000     45121.9777        -222440.5264       164.1414   -267562.5040   -222061.1107       162.9616          -3051.6032     -2402.9272    921491.4634     -2326.3107     -2390.6553

TIMING: 440  CPU: 12.6536, 0.0299136/step  Wall: 13.885, 0.029906/step, 0.000498433 hours remaining, 1258.316406 MB of memory in use.
ENERGY:     440     22071.5682     20036.2368      5729.7527       186.7201        -338123.1709     23276.2442         0.0000         0.0000     44417.5454        -222405.1036       161.5788   -266822.6490   -222059.4730       163.3965          -2408.4613     -2197.9667    921491.4634     -2368.2451     -2261.8278

TIMING: 460  CPU: 13.2385, 0.0292487/step  Wall: 14.4758, 0.0295425/step, 0.00032825 hours remaining, 1258.316406 MB of memory in use.
ENERGY:     460     21262.6138     19597.9060      5728.0972       179.4910        -338014.3672     23341.7958         0.0000         0.0000     45423.8561        -222480.6073       165.2395   -267904.4634   -222064.6793       163.1399          -3669.8202     -2365.2409    921491.4634     -2361.3465     -2290.1070

TIMING: 480  CPU: 13.8305, 0.0295992/step  Wall: 15.0737, 0.0298919/step, 0.000166066 hours remaining, 1258.316406 MB of memory in use.
ENERGY:     480     21624.0328     19623.1959      5725.3111       190.1900        -337854.6693     23181.5076         0.0000         0.0000     45051.6811        -222458.7508       163.8856   -267510.4319   -222064.6167       163.1550          -4077.7329     -2291.4890    921491.4634     -2217.8618     -2298.7168

Info: Benchmark time: 16 CPUs 0.0298491 s/step 0.345476 days/ns 1258.32 MB memory
TIMING: 500  CPU: 14.4209, 0.0295208/step  Wall: 15.6671, 0.02967/step, 0 hours remaining, 1258.316406 MB of memory in use.
ENERGY:     500     20974.8937     19756.6580      5724.4523       179.8271        -337741.4083     23251.0958         0.0000         0.0000     45359.0766        -222495.4048       165.0039   -267854.4813   -222061.0866       163.5315          -3197.5170     -2425.4139    921491.4634     -2247.8858     -2323.0623

WRITING EXTENDED SYSTEM TO OUTPUT FILE AT STEP 500
WRITING COORDINATES TO OUTPUT FILE AT STEP 500
The last position output (seq=-2) takes 0.001 seconds, 1261.984 MB of memory in use
WRITING VELOCITIES TO OUTPUT FILE AT STEP 500
The last velocity output (seq=-2) takes 0.001 seconds, 1261.984 MB of memory in use
====================================================

WallClock: 16.742168  CPUTime: 14.947942  Memory: 1261.984375 MB
[Partition 0][Node 0] End of program
Info: Benchmark time: 16 CPUs 0.0298491 s/step 0.345476 days/ns 1258.32 MB memory
WallClock: 16.742168  CPUTime: 14.947942  Memory: 1261.984375 MB
