************************************************************************
Running namd benchmark with job f1atpase and 16 threads
************************************************************************
Charm++: standalone mode (not using charmrun)
Charm++> Running in SMP mode: 1 processes, 16 worker threads (PEs) + 1 comm threads per process, 16 PEs total
Charm++> The comm. thread both sends and receives messages
Charm++> Using recursive bisection (scheme 3) for topology aware partitions
Converse/Charm++ Commit ID: v6.10.2
Warning> Randomization of virtual memory (ASLR) is turned on in the kernel, thread migration may not work! Run 'echo 0 > /proc/sys/kernel/randomize_va_space' as root to disable it, or try running with '+isomalloc_sync'.
Charm++> scheduler running in netpoll mode.
Charm++ communication thread will sleep due to single-process run.
CharmLB> Load balancer assumes all CPUs are same.
Charm++> cpu affinity enabled. 
Charm++> Running on 1 hosts (1 sockets x 8 cores x 2 PUs = 16-way SMP)
Charm++> cpu topology info is gathered in 0.000 seconds.

Charm++> Warning: the number of SMP threads (17) is greater than the number of physical cores (16), so threads will sleep while idling. Use +CmiSpinOnIdle or +CmiSleepOnIdle to control this directly.

Info: NAMD 2.14 for linux-x86_64-netlrts
Info: 
Info: Please visit http://www.ks.uiuc.edu/Research/namd/
Info: for updates, documentation, and support information.
Info: 
Info: Please cite Phillips et al., J. Chem. Phys. 153:044130 (2020) doi:10.1063/5.0014475
Info: in all publications reporting results obtained with NAMD.
Info: 
Info: Based on Charm++/Converse 61002 for charmpp-6.10.2-lbhciqcfpm2ianh3vawwzpskv36jfdca
Info: Built Thu Aug 25 00:11:54 UTC 2022 by kinghorn on tr64
Info: 1 NAMD  2.14  linux-x86_64-netlrts  16    amd1  kinghorn
Info: Running on 16 processors, 1 nodes, 1 physical nodes.
Info: CPU topology information available.
Info: Charm++/Converse parallel runtime startup completed at 0.0142082 s
CkLoopLib is used in SMP with simple dynamic scheduling (converse-level notification)
Info: 1175.09 MB of memory in use based on /proc/self/stat
Info: Configuration file is f1atpase/f1atpase.namd
Info: Changed directory to f1atpase
Info: EXTENDED SYSTEM FILE   f1wations-pme-nve-200ps.xsc
Info: SIMULATION PARAMETERS:
Info: TIMESTEP               1
Info: NUMBER OF STEPS        500
Info: STEPS PER CYCLE        20
Info: PERIODIC CELL BASIS 1  178.299 0 0
Info: PERIODIC CELL BASIS 2  0 131.542 0
Info: PERIODIC CELL BASIS 3  0 0 132.362
Info: PERIODIC CELL CENTER   90.344 73.992 68.909
Info: LOAD BALANCER  Centralized
Info: LOAD BALANCING STRATEGY  New Load Balancers -- DEFAULT
Info: LDB PERIOD             4000 steps
Info: FIRST LDB TIMESTEP     100
Info: LAST LDB TIMESTEP     -1
Info: LDB BACKGROUND SCALING 1
Info: HOM BACKGROUND SCALING 1
Info: PME BACKGROUND SCALING 1
Info: MIN ATOMS PER PATCH    40
Info: VELOCITY FILE          f1wations-pme-nve-200ps.vel
Info: CENTER OF MASS MOVING INITIALLY? NO
Info: DIELECTRIC             1
Info: EXCLUDE                SCALED ONE-FOUR
Info: 1-4 ELECTROSTATICS SCALED BY 1
Info: MODIFIED 1-4 VDW PARAMETERS WILL BE USED
Info: NO DCD TRAJECTORY OUTPUT
Info: NO EXTENDED SYSTEM TRAJECTORY OUTPUT
Info: NO VELOCITY DCD OUTPUT
Info: NO FORCE DCD OUTPUT
Info: OUTPUT FILENAME        ./tmp/f1atpase
Info: BINARY OUTPUT FILES WILL BE USED
Info: NO RESTART FILE
Info: SWITCHING ACTIVE
Info: SWITCHING ON           9
Info: SWITCHING OFF          11
Info: PAIRLIST DISTANCE      13
Info: PAIRLIST SHRINK RATE   0.01
Info: PAIRLIST GROW RATE     0.01
Info: PAIRLIST TRIGGER       0.3
Info: PAIRLISTS PER CYCLE    2
Info: PAIRLISTS ENABLED
Info: MARGIN                 0
Info: HYDROGEN GROUP CUTOFF  2.5
Info: PATCH DIMENSION        15.5
Info: ENERGY OUTPUT STEPS    20
Info: CROSSTERM ENERGY INCLUDED IN DIHEDRAL
Info: TIMING OUTPUT STEPS    20
Info: FIXED ATOMS ACTIVE
Info: PARTICLE MESH EWALD (PME) ACTIVE
Info: PME TOLERANCE               1e-06
Info: PME EWALD COEFFICIENT       0.282619
Info: PME INTERPOLATION ORDER     4
Info: PME GRID DIMENSIONS         192 144 144
Info: PME MAXIMUM GRID SPACING    1.5
Info: Attempting to read FFTW data from system
Info: Attempting to read FFTW data from FFTW_NAMD_2.14_linux-x86_64-netlrts_FFTW3.txt
Info: Optimizing 6 FFT steps.  1... 2... 3... 4... 5... 6...   Done.
Info: Writing FFTW data to FFTW_NAMD_2.14_linux-x86_64-netlrts_FFTW3.txt
Info: FULL ELECTROSTATIC EVALUATION FREQUENCY      4
Info: USING VERLET I (r-RESPA) MTS SCHEME.
Info: C1 SPLITTING OF LONG RANGE ELECTROSTATICS
Info: PLACING ATOMS IN PATCHES BY HYDROGEN GROUPS
Info: RANDOM NUMBER SEED     1661488254
Info: USE HYDROGEN BONDS?    NO
Info: COORDINATE PDB         f1wations_xplor.pdb
Info: STRUCTURE FILE         f1wations_xplor.psf
Info: PARAMETER file: CHARMM format! 
Info: PARAMETERS             IONS27_par_all22_prot_na.inp
Info: USING ARITHMETIC MEAN TO COMBINE L-J SIGMA PARAMETERS
Info: BINARY COORDINATES     f1wations-pme-nve-200ps.coor
Warning: DUPLICATE vdW ENTRY FOR CAL
PREVIOUS VALUES  sigma=3.04687 epsilon=0.12 sigma14=3.04687 epsilon14=0.12
   USING VALUES  sigma=2.43572 epsilon=0.12 sigma14=2.43572 epsilon14=0.12
Info: SUMMARY OF PARAMETERS:
Info: 218 BONDS
Info: 540 ANGLES
Info: 646 DIHEDRAL
Info: 64 IMPROPER
Info: 0 CROSSTERM
Info: 101 VDW
Info: 11 VDW_PAIRS
Info: 0 NBTHOLE_PAIRS
Warning: Ignored 91901 bonds with zero force constants.
Warning: Will get H-H distance in rigid H2O from H-O-H angle.
Info: TIME FOR READING PSF FILE: 1.11838
Info: Reading pdb file f1wations_xplor.pdb
Info: TIME FOR READING PDB FILE: 0.189733
Info: 
Info: ****************************
Info: STRUCTURE SUMMARY:
Info: 327506 ATOMS
Info: 235571 BONDS
Info: 185873 ANGLES
Info: 136847 DIHEDRALS
Info: 8450 IMPROPERS
Info: 0 CROSSTERMS
Info: 0 EXCLUSIONS
Info: 3 FIXED ATOMS
Info: 982509 DEGREES OF FREEDOM
Info: 117769 HYDROGEN GROUPS
Info: 4 ATOMS IN LARGEST HYDROGEN GROUP
Info: 117769 MIGRATION GROUPS
Info: 4 ATOMS IN LARGEST MIGRATION GROUP
Info: 0 HYDROGEN GROUPS WITH ALL ATOMS FIXED
Info: TOTAL MASS = 2.02957e+06 amu
Info: TOTAL CHARGE = 4.0995e-05 e
Info: MASS DENSITY = 1.08564 g/cm^3
Info: ATOM DENSITY = 0.105498 atoms/A^3
Info: *****************************
Info: Reading from binary file f1wations-pme-nve-200ps.coor
Info: 
Info: Entering startup at 2.1215 s, 1301.4 MB of memory in use
Info: Startup phase 0 took 0.000877636 s, 1301.4 MB of memory in use
Info: ADDED 556748 IMPLICIT EXCLUSIONS
Info: Startup phase 1 took 0.0552203 s, 1333.67 MB of memory in use
Info: NONBONDED TABLE R-SQUARED SPACING: 0.0625
Info: NONBONDED TABLE SIZE: 705 POINTS
Info: ABSOLUTE IMPRECISION IN FAST TABLE FORCE: 2.11758e-22 AT 10.9516
Info: RELATIVE IMPRECISION IN FAST TABLE FORCE: 7.2708e-16 AT 10.9516
Info: INCONSISTENCY IN FAST TABLE ENERGY VS FORCE: 0.000290478 AT 0.251946
Info: ABSOLUTE IMPRECISION IN SCOR TABLE FORCE: 1.32349e-22 AT 10.9516
Info: RELATIVE IMPRECISION IN SCOR TABLE FORCE: 6.52075e-16 AT 10.9516
Info: INCONSISTENCY IN SCOR TABLE ENERGY VS FORCE: 0.000151541 AT 10.9744
Info: ABSOLUTE IMPRECISION IN VDWA TABLE FORCE: 7.39557e-32 AT 10.9516
Info: RELATIVE IMPRECISION IN VDWA TABLE FORCE: 9.87262e-16 AT 10.9516
Info: INCONSISTENCY IN VDWA TABLE ENERGY VS FORCE: 0.0040507 AT 0.251946
Info: ABSOLUTE IMPRECISION IN VDWB TABLE ENERGY: 1.03398e-25 AT 10.9972
Info: RELATIVE IMPRECISION IN VDWB TABLE ENERGY: 1.12007e-16 AT 10.9972
Info: ABSOLUTE IMPRECISION IN VDWB TABLE FORCE: 1.55096e-25 AT 10.9516
Info: RELATIVE IMPRECISION IN VDWB TABLE FORCE: 1.17143e-15 AT 10.9516
Info: INCONSISTENCY IN VDWB TABLE ENERGY VS FORCE: 0.00150189 AT 0.251946
Info: Startup phase 2 took 0.000746877 s, 1333.67 MB of memory in use
Info: Startup phase 3 took 0.000417161 s, 1333.67 MB of memory in use
Info: Startup phase 4 took 0.00750207 s, 1333.67 MB of memory in use
Info: Startup phase 5 took 0.000395374 s, 1333.67 MB of memory in use
Info: PATCH GRID IS 11 (PERIODIC) BY 8 (PERIODIC) BY 8 (PERIODIC)
Info: PATCH GRID IS 1-AWAY BY 1-AWAY BY 1-AWAY
Info: Reading from binary file f1wations-pme-nve-200ps.vel
Info: REMOVING COM VELOCITY -2.00403e-05 -2.06614e-06 -6.70596e-06
Info: LARGEST PATCH (327) HAS 527 ATOMS
Info: TORUS A SIZE 1 USING 0
Info: TORUS B SIZE 1 USING 0
Info: TORUS C SIZE 1 USING 0
Info: TORUS MINIMAL MESH SIZE IS 1 BY 1 BY 1
Info: Placed 100% of base nodes on same physical node as patch
Info: Startup phase 6 took 0.0357506 s, 1396.04 MB of memory in use
Info: PME using 16 and 16 processors for FFT and reciprocal sum.
Info: PME GRID LOCATIONS: 0 1 2 3 4 5 6 7 8 9 ...
Info: PME TRANS LOCATIONS: 0 1 2 3 4 5 6 7 8 9 ...
Info: PME USING 1 GRID NODES AND 1 TRANS NODES
Info: Optimizing 4 FFT steps.  1... 2... 3... 4...   Done.
Info: Startup phase 7 took 0.448648 s, 1396.04 MB of memory in use
Info: Startup phase 8 took 0.000486314 s, 1396.04 MB of memory in use
Info: Startup phase 9 took 0.00042205 s, 1396.04 MB of memory in use
Info: Startup phase 10 took 0.000335112 s, 1396.04 MB of memory in use
Info: Startup phase 11 took 0.00413132 s, 1396.04 MB of memory in use
LDB: Central LB being created...
Info: Startup phase 12 took 0.00084737 s, 1396.04 MB of memory in use
Info: CREATING 14160 COMPUTE OBJECTS
Info: useSync: 0 useProxySync: 0
Info: Startup phase 13 took 0.0207442 s, 1396.04 MB of memory in use
Info: Startup phase 14 took 0.000449371 s, 1396.04 MB of memory in use
Info: Startup phase 15 took 0.00014427 s, 1396.04 MB of memory in use
Info: Finished startup at 2.69862 s, 1396.04 MB of memory in use

ETITLE:      TS           BOND          ANGLE          DIHED          IMPRP               ELECT            VDW       BOUNDARY           MISC        KINETIC               TOTAL           TEMP      POTENTIAL         TOTAL3        TEMPAVG            PRESSURE      GPRESSURE         VOLUME       PRESSAVG      GPRESSAVG

ENERGY:       0    108419.6836     81373.0092     16181.2965      1688.6765       -1334013.9338    111244.7900         0.0000         0.0000    289897.8780        -725208.6001       296.9606  -1015106.4780   -722632.5569       296.9606            271.7035       114.9188   3104392.8098       271.7035       114.9188

LDB: ============= START OF LOAD BALANCING ============== 4.84092
LDB: ============== END OF LOAD BALANCING =============== 4.8411
Info: useSync: 0 useProxySync: 0
LDB: =============== DONE WITH MIGRATION ================ 4.84171
TIMING: 20  CPU: 2.13478, 0.0929912/step  Wall: 2.4369, 0.0987869/step, 0.0131716 hours remaining, 1886.425781 MB of memory in use.
ENERGY:      20    108484.0216     81572.9332     16214.6165      1686.7116       -1334358.4190    111159.7215         0.0000         0.0000    290036.5529        -725203.8617       297.1027  -1015240.4146   -722634.7790       297.1533            198.6267       109.0544   3104392.8098       144.5012       148.4397

TIMING: 40  CPU: 4.07721, 0.0971211/step  Wall: 4.49395, 0.102853/step, 0.0131423 hours remaining, 2082.015625 MB of memory in use.
ENERGY:      40    108619.3748     81931.0388     16170.7399      1658.3443       -1334331.0195    111042.0294         0.0000         0.0000    289724.4237        -725185.0686       296.7830  -1014909.4924   -722637.4181       297.1399            153.7905        82.1528   3104392.8098        92.7803        91.7518

TIMING: 60  CPU: 5.98445, 0.0953624/step  Wall: 6.49885, 0.100245/step, 0.0122522 hours remaining, 2210.519531 MB of memory in use.
ENERGY:      60    108368.1886     81759.2776     16226.6206      1682.4927       -1334471.4806    111310.4682         0.0000         0.0000    289920.1125        -725204.3205       296.9834  -1015124.4330   -722642.9599       297.3714            241.6661       122.8789   3104392.8098       102.8565       101.5013

TIMING: 80  CPU: 7.83183, 0.0923689/step  Wall: 8.46576, 0.0983454/step, 0.0114736 hours remaining, 2274.519531 MB of memory in use.
ENERGY:      80    108144.7432     81794.0485     16126.5460      1656.0923       -1334940.5628    111396.0399         0.0000         0.0000    290594.2270        -725228.8659       297.6739  -1015823.0928   -722642.1699       297.3914            326.7265       167.0981   3104392.8098       132.2414       133.9755

LDB: ============= START OF LOAD BALANCING ============== 12.8304
LDB: Largest compute 1266 load 0.070819 is 0.9% of average load 7.620634
LDB: Average compute 0.008044 is 0.1% of average load 7.620634
LDB: Partitioning computes with target load 0.762063
LDB: Increased migratable compute count from 13376 to 13376
LDB: Largest unpartitionable compute is 0.011507
LDB: ============== END OF LOAD BALANCING =============== 12.8336
Info: useSync: 0 useProxySync: 0
LDB: =============== DONE WITH MIGRATION ================ 12.8362
Info: Initial time: 16 CPUs 0.0995655 s/step 1.15238 days/ns 2402.52 MB memory
TIMING: 100  CPU: 9.60564, 0.0886905/step  Wall: 10.4248, 0.0979516/step, 0.0108835 hours remaining, 2402.519531 MB of memory in use.
ENERGY:     100    107996.9374     81640.3081     16184.0450      1678.1047       -1334871.4178    111241.7758         0.0000         0.0000    290887.2107        -725243.0361       297.9741  -1016130.2468   -722641.0489       297.4187            312.4373       161.9575   3104392.8098       199.9622       198.8516

LDB: ============= START OF LOAD BALANCING ============== 14.8034
LDB: ============== END OF LOAD BALANCING =============== 14.8036
Info: useSync: 0 useProxySync: 0
LDB: =============== DONE WITH MIGRATION ================ 14.8042
TIMING: 120  CPU: 11.4639, 0.0929119/step  Wall: 12.3945, 0.0984878/step, 0.0103959 hours remaining, 2402.519531 MB of memory in use.
ENERGY:     120    108195.6009     81626.4250     16150.5040      1696.7715       -1334810.6967    111481.2333         0.0000         0.0000    290421.6404        -725238.5216       297.4972  -1015660.1620   -722648.1787       297.1732            255.3336       107.7754   3104392.8098        99.7057        94.3155

TIMING: 140  CPU: 13.4078, 0.0971949/step  Wall: 14.3744, 0.0989928/step, 0.00989928 hours remaining, 2402.519531 MB of memory in use.
ENERGY:     140    108134.5455     81650.7252     16161.5690      1669.3795       -1333812.9904    111035.4238         0.0000         0.0000    289942.7829        -725218.5645       297.0066  -1015161.3474   -722643.9040       297.3541            244.5735        82.0109   3104392.8098        98.7125        99.3687

TIMING: 160  CPU: 15.2341, 0.0913175/step  Wall: 16.332, 0.0978797/step, 0.00924419 hours remaining, 2402.519531 MB of memory in use.
ENERGY:     160    108467.6243     81911.8869     16115.7007      1717.0790       -1334440.6423    110664.0890         0.0000         0.0000    290359.2187        -725205.0436       297.4332  -1015564.2624   -722647.0875       297.4510            197.8145        70.9934   3104392.8098        50.9751        56.3035

TIMING: 180  CPU: 17.0887, 0.0927285/step  Wall: 18.3055, 0.0986756/step, 0.00877116 hours remaining, 2402.519531 MB of memory in use.
ENERGY:     180    108349.3411     82019.6590     16164.1752      1640.6113       -1333958.9033    110639.8880         0.0000         0.0000    289945.5101        -725199.7188       297.0094  -1015145.2288   -722645.4699       297.3907            181.6039       114.1175   3104392.8098        87.4260        90.4554

LDB: ============= START OF LOAD BALANCING ============== 22.6652
LDB: Largest compute 1031 load 0.060366 is 0.8% of average load 7.486438
LDB: Average compute 0.007903 is 0.1% of average load 7.486438
LDB: TIME 22.668 LOAD: AVG 7.48644 MAX 7.86067  PROXIES: TOTAL 952 MAXPE 65 MAXPATCH 3 None MEM: 2402.52 MB
LDB: TIME 22.672 LOAD: AVG 7.48644 MAX 7.59318  PROXIES: TOTAL 952 MAXPE 65 MAXPATCH 3 TorusLB MEM: 2402.52 MB
LDB: ============== END OF LOAD BALANCING =============== 22.675
Info: useSync: 0 useProxySync: 0
LDB: =============== DONE WITH MIGRATION ================ 22.6805
Info: Initial time: 16 CPUs 0.0982853 s/step 1.13756 days/ns 2406.42 MB memory
TIMING: 200  CPU: 18.8588, 0.088507/step  Wall: 20.27, 0.0982252/step, 0.00818543 hours remaining, 2406.417969 MB of memory in use.
ETITLE:      TS           BOND          ANGLE          DIHED          IMPRP               ELECT            VDW       BOUNDARY           MISC        KINETIC               TOTAL           TEMP      POTENTIAL         TOTAL3        TEMPAVG            PRESSURE      GPRESSURE         VOLUME       PRESSAVG      GPRESSAVG

ENERGY:     200    108342.7068     81514.5446     16207.3276      1690.3296       -1333758.1531    110717.3697         0.0000         0.0000    290085.7263        -725200.1485       297.1531  -1015285.8748   -722645.7106       297.3192            142.3475        84.3524   3104392.8098        96.5533        91.7563

TIMING: 220  CPU: 20.7307, 0.0935932/step  Wall: 22.1883, 0.0959145/step, 0.00746001 hours remaining, 2406.417969 MB of memory in use.
ENERGY:     220    108161.6715     81553.7673     16221.2349      1694.3747       -1333768.2131    110843.0211         0.0000         0.0000    290076.0115        -725218.1321       297.1431  -1015294.1436   -722647.3954       297.4078            190.6273        68.9847   3104392.8098       131.3825       127.8784

TIMING: 240  CPU: 22.5443, 0.0906811/step  Wall: 24.0902, 0.0950931/step, 0.00686784 hours remaining, 2406.417969 MB of memory in use.
ENERGY:     240    108337.7239     81892.4456     16300.8290      1660.2816       -1334227.0442    110466.7500         0.0000         0.0000    290355.0813        -725213.9328       297.4290  -1015569.0141   -722649.8546       297.5412            189.8734        49.4447   3104392.8098         9.8914        16.3825

TIMING: 260  CPU: 24.3796, 0.091763/step  Wall: 25.9903, 0.0950059/step, 0.00633373 hours remaining, 2406.417969 MB of memory in use.
ENERGY:     260    108326.6200     81546.8173     16219.0977      1637.2455       -1334474.7529    111174.1364         0.0000         0.0000    290346.3403        -725224.4958       297.4200  -1015570.8361   -722649.5468       297.5446            157.8232        52.1497   3104392.8098       103.0493       107.1025

TIMING: 280  CPU: 26.2043, 0.0912379/step  Wall: 27.8933, 0.095152/step, 0.00581484 hours remaining, 2406.417969 MB of memory in use.
ENERGY:     280    108224.2022     81651.6467     16212.5794      1636.8205       -1334446.2771    111175.4422         0.0000         0.0000    290318.1817        -725227.4044       297.3912  -1015545.5861   -722652.4930       297.2402            215.0301       129.4862   3104392.8098       113.1853       108.4834

LDB: ============= START OF LOAD BALANCING ============== 32.206
LDB: Largest compute 1185 load 0.075130 is 0.8% of average load 9.218019
LDB: Average compute 0.009872 is 0.1% of average load 9.218019
LDB: TIME 32.209 LOAD: AVG 9.21802 MAX 9.52539  PROXIES: TOTAL 952 MAXPE 65 MAXPATCH 3 None MEM: 2406.42 MB
LDB: TIME 32.21 LOAD: AVG 9.21802 MAX 9.52539  PROXIES: TOTAL 952 MAXPE 65 MAXPATCH 3 RefineTorusLB MEM: 2406.42 MB
LDB: TIME 32.2122 LOAD: AVG 9.21802 MAX 9.32121  PROXIES: TOTAL 960 MAXPE 65 MAXPATCH 3 RefineTorusLB MEM: 2406.42 MB
LDB: ============== END OF LOAD BALANCING =============== 32.2131
Info: useSync: 0 useProxySync: 0
LDB: =============== DONE WITH MIGRATION ================ 32.2154
Info: Initial time: 16 CPUs 0.0951694 s/step 1.1015 days/ns 2406.42 MB memory
TIMING: 300  CPU: 27.9604, 0.0878047/step  Wall: 29.7969, 0.0951766/step, 0.00528759 hours remaining, 2406.417969 MB of memory in use.
ENERGY:     300    108321.9942     81530.2326     16154.3970      1650.0550       -1334572.9109    111265.4342         0.0000         0.0000    290421.6780        -725229.1199       297.4972  -1015650.7979   -722648.6739       297.4029            151.5922        34.9143   3104392.8098        72.3359        67.1726

TIMING: 320  CPU: 29.8336, 0.0936599/step  Wall: 31.7092, 0.0956194/step, 0.00478097 hours remaining, 2406.417969 MB of memory in use.
ENERGY:     320    108255.6749     81656.2475     16050.4223      1697.3376       -1333957.4796    110973.3038         0.0000         0.0000    290105.2148        -725219.2789       297.1730  -1015324.4936   -722647.3267       297.3002            230.5502        87.2942   3104392.8098        80.4427        81.8064

TIMING: 340  CPU: 31.6605, 0.091343/step  Wall: 33.5849, 0.0937826/step, 0.00416811 hours remaining, 2406.417969 MB of memory in use.
ENERGY:     340    108354.9956     81815.0988     16156.8254      1679.1251       -1334652.3193    111474.1575         0.0000         0.0000    289957.2442        -725214.8727       297.0214  -1015172.1169   -722647.3958       297.5154            308.3643       218.7061   3104392.8098       161.5747       167.8067

TIMING: 360  CPU: 33.4863, 0.0912926/step  Wall: 35.4535, 0.0934279/step, 0.00363331 hours remaining, 2406.417969 MB of memory in use.
ENERGY:     360    108294.3447     81690.4555     16207.9666      1672.4718       -1335062.1656    111625.5499         0.0000         0.0000    290359.5204        -725211.8568       297.4335  -1015571.3772   -722641.4683       297.0907            124.1081        73.5844   3104392.8098       140.9960       140.8289

TIMING: 380  CPU: 35.2711, 0.0892397/step  Wall: 37.3115, 0.0929015/step, 0.00309672 hours remaining, 2406.417969 MB of memory in use.
ENERGY:     380    108479.3126     81548.8593     16240.8087      1693.7304       -1334826.0206    111833.6917         0.0000         0.0000    289826.8995        -725202.7184       296.8879  -1015029.6179   -722644.0476       297.2664            265.6806       216.4953   3104392.8098       170.6149       168.2175

LDB: ============= START OF LOAD BALANCING ============== 41.5984
LDB: Largest compute 1185 load 0.075221 is 0.8% of average load 9.222529
LDB: Average compute 0.009887 is 0.1% of average load 9.222529
LDB: TIME 41.6017 LOAD: AVG 9.22253 MAX 9.37666  PROXIES: TOTAL 952 MAXPE 65 MAXPATCH 3 None MEM: 2406.42 MB
LDB: TIME 41.6028 LOAD: AVG 9.22253 MAX 9.37666  PROXIES: TOTAL 960 MAXPE 65 MAXPATCH 3 RefineTorusLB MEM: 2406.42 MB
LDB: TIME 41.6033 LOAD: AVG 9.22253 MAX 9.32325  PROXIES: TOTAL 960 MAXPE 65 MAXPATCH 3 RefineTorusLB MEM: 2406.42 MB
LDB: ============== END OF LOAD BALANCING =============== 41.604
Info: useSync: 0 useProxySync: 0
LDB: =============== DONE WITH MIGRATION ================ 41.6062
Info: Benchmark time: 16 CPUs 0.0938038 s/step 1.08569 days/ns 2406.42 MB memory
TIMING: 400  CPU: 37.0758, 0.0902354/step  Wall: 39.1856, 0.0937065/step, 0.00260296 hours remaining, 2406.417969 MB of memory in use.
ETITLE:      TS           BOND          ANGLE          DIHED          IMPRP               ELECT            VDW       BOUNDARY           MISC        KINETIC               TOTAL           TEMP      POTENTIAL         TOTAL3        TEMPAVG            PRESSURE      GPRESSURE         VOLUME       PRESSAVG      GPRESSAVG

ENERGY:     400    108429.4003     81561.8642     16207.1604      1648.4126       -1335661.7393    111963.3047         0.0000         0.0000    290631.3755        -725220.2216       297.7120  -1015851.5971   -722646.7497       297.3575            179.5002       106.3328   3104392.8098       149.6364       146.8185

TIMING: 420  CPU: 38.9572, 0.0940679/step  Wall: 41.0855, 0.0949928/step, 0.00211095 hours remaining, 2406.417969 MB of memory in use.
ENERGY:     420    108408.9630     81462.0003     16159.5497      1686.0055       -1335843.0803    112049.4749         0.0000         0.0000    290844.2789        -725232.8081       297.9301  -1016077.0869   -722647.3656       297.5560            306.7500       213.3297   3104392.8098       195.6358       196.7415

TIMING: 440  CPU: 40.7859, 0.0914328/step  Wall: 42.965, 0.0939776/step, 0.00156629 hours remaining, 2406.417969 MB of memory in use.
ENERGY:     440    108354.2590     81672.8159     16123.0951      1639.5602       -1335654.8870    112165.8455         0.0000         0.0000    290461.2619        -725238.0495       297.5377  -1015699.3114   -722648.4915       297.4209            248.9156       169.4758   3104392.8098       179.6267       182.5950

TIMING: 460  CPU: 42.5895, 0.0901843/step  Wall: 44.8225, 0.0928737/step, 0.00103193 hours remaining, 2406.417969 MB of memory in use.
ENERGY:     460    108412.7706     81948.1315     16202.1692      1675.5019       -1336398.0259    112280.9124         0.0000         0.0000    290644.7556        -725233.7847       297.7257  -1015878.5404   -722646.8231       297.4898            167.0582       138.8848   3104392.8098       217.5506       221.9136

TIMING: 480  CPU: 44.3983, 0.0904394/step  Wall: 46.6862, 0.093185/step, 0.000517695 hours remaining, 2406.417969 MB of memory in use.
ENERGY:     480    108771.2686     81728.6661     16238.7218      1646.6844       -1336197.8870    112559.7631         0.0000         0.0000    290038.8988        -725213.8841       297.1051  -1015252.7830   -722645.9170       297.5165            156.3797       163.4339   3104392.8098       111.7207       109.1227

Info: Benchmark time: 16 CPUs 0.093255 s/step 1.07934 days/ns 2406.42 MB memory
TIMING: 500  CPU: 46.1188, 0.0860257/step  Wall: 48.5112, 0.0912493/step, 0 hours remaining, 2406.417969 MB of memory in use.
ENERGY:     500    108640.2877     81821.1219     16089.4414      1631.0386       -1336113.8293    112087.7598         0.0000         0.0000    290630.9442        -725213.2357       297.7116  -1015844.1799   -722644.5704       297.4304            114.4799        77.8346   3104392.8098       170.8191       167.5305

WRITING EXTENDED SYSTEM TO OUTPUT FILE AT STEP 500
WRITING COORDINATES TO OUTPUT FILE AT STEP 500
The last position output (seq=-2) takes 0.003 seconds, 2421.418 MB of memory in use
WRITING VELOCITIES TO OUTPUT FILE AT STEP 500
The last velocity output (seq=-2) takes 0.002 seconds, 2421.418 MB of memory in use
====================================================

WallClock: 51.204536  CPUTime: 48.348770  Memory: 2421.417969 MB
[Partition 0][Node 0] End of program
Info: Benchmark time: 16 CPUs 0.093255 s/step 1.07934 days/ns 2406.42 MB memory
WallClock: 51.204536  CPUTime: 48.348770  Memory: 2421.417969 MB
