************************************************************************
Running HPCG benchmark series with 1 2 4 6 8 -- cores
Results will be written to hpcg-jobs.out
************************************************************************
Running HPCG with 1 cores ...
Final Summary::HPCG result is VALID with a GFLOP/s rating of=2.94386
HPCG-Benchmark
version=3.1
Release date=March 28, 2019
Machine Summary=
Machine Summary::Distributed Processes=1
Machine Summary::Threads per processes=1
Global Problem Dimensions=
Global Problem Dimensions::Global nx=104
Global Problem Dimensions::Global ny=104
Global Problem Dimensions::Global nz=104
Processor Dimensions=
Processor Dimensions::npx=1
Processor Dimensions::npy=1
Processor Dimensions::npz=1
Local Domain Dimensions=
Local Domain Dimensions::nx=104
Local Domain Dimensions::ny=104
Local Domain Dimensions::Lower ipz=0
Local Domain Dimensions::Upper ipz=0
Local Domain Dimensions::nz=104
########## Problem Summary  ##########=
Setup Information=
Setup Information::Setup Time=0.902854
Linear System Information=
Linear System Information::Number of Equations=1124864
Linear System Information::Number of Nonzero Terms=29791000
Multigrid Information=
Multigrid Information::Number of coarse grid levels=3
Multigrid Information::Coarse Grids=
Multigrid Information::Coarse Grids::Grid Level=1
Multigrid Information::Coarse Grids::Number of Equations=140608
Multigrid Information::Coarse Grids::Number of Nonzero Terms=3652264
Multigrid Information::Coarse Grids::Number of Presmoother Steps=1
Multigrid Information::Coarse Grids::Number of Postsmoother Steps=1
Multigrid Information::Coarse Grids::Grid Level=2
Multigrid Information::Coarse Grids::Number of Equations=17576
Multigrid Information::Coarse Grids::Number of Nonzero Terms=438976
Multigrid Information::Coarse Grids::Number of Presmoother Steps=1
Multigrid Information::Coarse Grids::Number of Postsmoother Steps=1
Multigrid Information::Coarse Grids::Grid Level=3
Multigrid Information::Coarse Grids::Number of Equations=2197
Multigrid Information::Coarse Grids::Number of Nonzero Terms=50653
Multigrid Information::Coarse Grids::Number of Presmoother Steps=1
Multigrid Information::Coarse Grids::Number of Postsmoother Steps=1
########## Memory Use Summary  ##########=
Memory Use Information=
Memory Use Information::Total memory used for data (Gbytes)=0.80393
Memory Use Information::Memory used for OptimizeProblem data (Gbytes)=0
Memory Use Information::Bytes per equation (Total memory / Number of Equations)=714.691
Memory Use Information::Memory used for linear system and CG (Gbytes)=0.70754
Memory Use Information::Coarse Grids=
Memory Use Information::Coarse Grids::Grid Level=1
Memory Use Information::Coarse Grids::Memory used=0.0845059
Memory Use Information::Coarse Grids::Grid Level=2
Memory Use Information::Coarse Grids::Memory used=0.0105637
Memory Use Information::Coarse Grids::Grid Level=3
Memory Use Information::Coarse Grids::Memory used=0.0013209
########## V&V Testing Summary  ##########=
Spectral Convergence Tests=
Spectral Convergence Tests::Result=PASSED
Spectral Convergence Tests::Unpreconditioned=
Spectral Convergence Tests::Unpreconditioned::Maximum iteration count=11
Spectral Convergence Tests::Unpreconditioned::Expected iteration count=12
Spectral Convergence Tests::Preconditioned=
Spectral Convergence Tests::Preconditioned::Maximum iteration count=1
Spectral Convergence Tests::Preconditioned::Expected iteration count=2
Departure from Symmetry |x'Ay-y'Ax|/(2*||x||*||A||*||y||)/epsilon=
Departure from Symmetry |x'Ay-y'Ax|/(2*||x||*||A||*||y||)/epsilon::Result=PASSED
Departure from Symmetry |x'Ay-y'Ax|/(2*||x||*||A||*||y||)/epsilon::Departure for SpMV=1.9026e-08
Departure from Symmetry |x'Ay-y'Ax|/(2*||x||*||A||*||y||)/epsilon::Departure for MG=2.70754e-08
########## Iterations Summary  ##########=
Iteration Count Information=
Iteration Count Information::Result=PASSED
Iteration Count Information::Reference CG iterations per set=50
Iteration Count Information::Optimized CG iterations per set=50
Iteration Count Information::Total number of reference iterations=450
Iteration Count Information::Total number of optimized iterations=450
########## Reproducibility Summary  ##########=
Reproducibility Information=
Reproducibility Information::Result=PASSED
Reproducibility Information::Scaled residual mean=4.99963e-08
Reproducibility Information::Scaled residual variance=0
########## Performance Summary (times in sec) ##########=
Benchmark Time Summary=
Benchmark Time Summary::Optimization phase=1e-07
Benchmark Time Summary::DDOT=1.30772
Benchmark Time Summary::WAXPBY=0.846875
Benchmark Time Summary::SpMV=8.45144
Benchmark Time Summary::MG=51.7674
Benchmark Time Summary::Total=62.3781
Floating Point Operations Summary=
Floating Point Operations Summary::Raw DDOT=3.05738e+09
Floating Point Operations Summary::Raw WAXPBY=3.05738e+09
Floating Point Operations Summary::Raw SpMV=2.73481e+10
Floating Point Operations Summary::Raw MG=1.52561e+11
Floating Point Operations Summary::Total=1.86024e+11
Floating Point Operations Summary::Total with convergence overhead=1.86024e+11
GB/s Summary=
GB/s Summary::Raw Read B/W=18.3778
GB/s Summary::Raw Write B/W=4.24731
GB/s Summary::Raw Total B/W=22.6251
GB/s Summary::Total with convergence and optimization phase overhead=22.3341
GFLOP/s Summary=
GFLOP/s Summary::Raw DDOT=2.33795
GFLOP/s Summary::Raw WAXPBY=3.61019
GFLOP/s Summary::Raw SpMV=3.23591
GFLOP/s Summary::Raw MG=2.94705
GFLOP/s Summary::Raw Total=2.9822
GFLOP/s Summary::Total with convergence overhead=2.9822
GFLOP/s Summary::Total with convergence and optimization phase overhead=2.94386
User Optimization Overheads=
User Optimization Overheads::Optimization phase time (sec)=1e-07
User Optimization Overheads::Optimization phase time vs reference SpMV+MG time=7.51062e-07
DDOT Timing Variations=
DDOT Timing Variations::Min DDOT MPI_Allreduce time=0.000579243
DDOT Timing Variations::Max DDOT MPI_Allreduce time=0.000579243
DDOT Timing Variations::Avg DDOT MPI_Allreduce time=0.000579243
Final Summary=
Final Summary::HPCG result is VALID with a GFLOP/s rating of=2.94386
Final Summary::HPCG 2.4 rating for historical reasons is=2.9822
Final Summary::Reference version of ComputeDotProduct used=Performance results are most likely suboptimal
Final Summary::Reference version of ComputeSPMV used=Performance results are most likely suboptimal
Final Summary::Reference version of ComputeMG used=Performance results are most likely suboptimal
Final Summary::Reference version of ComputeWAXPBY used=Performance results are most likely suboptimal
Final Summary::Results are valid but execution time (sec) is=62.3781
Final Summary::Official results execution time (sec) must be at least=1800
Running HPCG with 2 cores ...
Final Summary::HPCG result is VALID with a GFLOP/s rating of=4.39694
HPCG-Benchmark
version=3.1
Release date=March 28, 2019
Machine Summary=
Machine Summary::Distributed Processes=2
Machine Summary::Threads per processes=1
Global Problem Dimensions=
Global Problem Dimensions::Global nx=208
Global Problem Dimensions::Global ny=104
Global Problem Dimensions::Global nz=104
Processor Dimensions=
Processor Dimensions::npx=2
Processor Dimensions::npy=1
Processor Dimensions::npz=1
Local Domain Dimensions=
Local Domain Dimensions::nx=104
Local Domain Dimensions::ny=104
Local Domain Dimensions::Lower ipz=0
Local Domain Dimensions::Upper ipz=0
Local Domain Dimensions::nz=104
########## Problem Summary  ##########=
Setup Information=
Setup Information::Setup Time=0.973006
Linear System Information=
Linear System Information::Number of Equations=2249728
Linear System Information::Number of Nonzero Terms=59774200
Multigrid Information=
Multigrid Information::Number of coarse grid levels=3
Multigrid Information::Coarse Grids=
Multigrid Information::Coarse Grids::Grid Level=1
Multigrid Information::Coarse Grids::Number of Equations=281216
Multigrid Information::Coarse Grids::Number of Nonzero Terms=7351960
Multigrid Information::Coarse Grids::Number of Presmoother Steps=1
Multigrid Information::Coarse Grids::Number of Postsmoother Steps=1
Multigrid Information::Coarse Grids::Grid Level=2
Multigrid Information::Coarse Grids::Number of Equations=35152
Multigrid Information::Coarse Grids::Number of Nonzero Terms=889504
Multigrid Information::Coarse Grids::Number of Presmoother Steps=1
Multigrid Information::Coarse Grids::Number of Postsmoother Steps=1
Multigrid Information::Coarse Grids::Grid Level=3
Multigrid Information::Coarse Grids::Number of Equations=4394
Multigrid Information::Coarse Grids::Number of Nonzero Terms=104044
Multigrid Information::Coarse Grids::Number of Presmoother Steps=1
Multigrid Information::Coarse Grids::Number of Postsmoother Steps=1
########## Memory Use Summary  ##########=
Memory Use Information=
Memory Use Information::Total memory used for data (Gbytes)=1.60836
Memory Use Information::Memory used for OptimizeProblem data (Gbytes)=0
Memory Use Information::Bytes per equation (Total memory / Number of Equations)=714.913
Memory Use Information::Memory used for linear system and CG (Gbytes)=1.41543
Memory Use Information::Coarse Grids=
Memory Use Information::Coarse Grids::Grid Level=1
Memory Use Information::Coarse Grids::Memory used=0.16913
Memory Use Information::Coarse Grids::Grid Level=2
Memory Use Information::Coarse Grids::Memory used=0.0211566
Memory Use Information::Coarse Grids::Grid Level=3
Memory Use Information::Coarse Grids::Memory used=0.00264874
########## V&V Testing Summary  ##########=
Spectral Convergence Tests=
Spectral Convergence Tests::Result=PASSED
Spectral Convergence Tests::Unpreconditioned=
Spectral Convergence Tests::Unpreconditioned::Maximum iteration count=11
Spectral Convergence Tests::Unpreconditioned::Expected iteration count=12
Spectral Convergence Tests::Preconditioned=
Spectral Convergence Tests::Preconditioned::Maximum iteration count=2
Spectral Convergence Tests::Preconditioned::Expected iteration count=2
Departure from Symmetry |x'Ay-y'Ax|/(2*||x||*||A||*||y||)/epsilon=
Departure from Symmetry |x'Ay-y'Ax|/(2*||x||*||A||*||y||)/epsilon::Result=PASSED
Departure from Symmetry |x'Ay-y'Ax|/(2*||x||*||A||*||y||)/epsilon::Departure for SpMV=9.51219e-09
Departure from Symmetry |x'Ay-y'Ax|/(2*||x||*||A||*||y||)/epsilon::Departure for MG=2.11463e-07
########## Iterations Summary  ##########=
Iteration Count Information=
Iteration Count Information::Result=PASSED
Iteration Count Information::Reference CG iterations per set=50
Iteration Count Information::Optimized CG iterations per set=50
Iteration Count Information::Total number of reference iterations=350
Iteration Count Information::Total number of optimized iterations=350
########## Reproducibility Summary  ##########=
Reproducibility Information=
Reproducibility Information::Result=PASSED
Reproducibility Information::Scaled residual mean=3.36952e-06
Reproducibility Information::Scaled residual variance=0
########## Performance Summary (times in sec) ##########=
Benchmark Time Summary=
Benchmark Time Summary::Optimization phase=1.1e-07
Benchmark Time Summary::DDOT=1.0551
Benchmark Time Summary::WAXPBY=1.27943
Benchmark Time Summary::SpMV=9.68354
Benchmark Time Summary::MG=53.3362
Benchmark Time Summary::Total=65.3628
Floating Point Operations Summary=
Floating Point Operations Summary::Raw DDOT=4.75592e+09
Floating Point Operations Summary::Raw WAXPBY=4.75592e+09
Floating Point Operations Summary::Raw SpMV=4.26788e+10
Floating Point Operations Summary::Raw MG=2.382e+11
Floating Point Operations Summary::Total=2.90391e+11
Floating Point Operations Summary::Total with convergence overhead=2.90391e+11
GB/s Summary=
GB/s Summary::Raw Read B/W=27.3759
GB/s Summary::Raw Write B/W=6.32675
GB/s Summary::Raw Total B/W=33.7026
GB/s Summary::Total with convergence and optimization phase overhead=33.355
GFLOP/s Summary=
GFLOP/s Summary::Raw DDOT=4.50755
GFLOP/s Summary::Raw WAXPBY=3.71722
GFLOP/s Summary::Raw SpMV=4.40736
GFLOP/s Summary::Raw MG=4.46601
GFLOP/s Summary::Raw Total=4.44276
GFLOP/s Summary::Total with convergence overhead=4.44276
GFLOP/s Summary::Total with convergence and optimization phase overhead=4.39694
User Optimization Overheads=
User Optimization Overheads::Optimization phase time (sec)=1.1e-07
User Optimization Overheads::Optimization phase time vs reference SpMV+MG time=6.17722e-07
DDOT Timing Variations=
DDOT Timing Variations::Min DDOT MPI_Allreduce time=0.00349093
DDOT Timing Variations::Max DDOT MPI_Allreduce time=0.184014
DDOT Timing Variations::Avg DDOT MPI_Allreduce time=0.0937526
Final Summary=
Final Summary::HPCG result is VALID with a GFLOP/s rating of=4.39694
Final Summary::HPCG 2.4 rating for historical reasons is=4.44276
Final Summary::Reference version of ComputeDotProduct used=Performance results are most likely suboptimal
Final Summary::Reference version of ComputeSPMV used=Performance results are most likely suboptimal
Final Summary::Reference version of ComputeMG used=Performance results are most likely suboptimal
Final Summary::Reference version of ComputeWAXPBY used=Performance results are most likely suboptimal
Final Summary::Results are valid but execution time (sec) is=65.3628
Final Summary::Official results execution time (sec) must be at least=1800
Running HPCG with 4 cores ...
Final Summary::HPCG result is VALID with a GFLOP/s rating of=4.36855
HPCG-Benchmark
version=3.1
Release date=March 28, 2019
Machine Summary=
Machine Summary::Distributed Processes=4
Machine Summary::Threads per processes=1
Global Problem Dimensions=
Global Problem Dimensions::Global nx=208
Global Problem Dimensions::Global ny=208
Global Problem Dimensions::Global nz=104
Processor Dimensions=
Processor Dimensions::npx=2
Processor Dimensions::npy=2
Processor Dimensions::npz=1
Local Domain Dimensions=
Local Domain Dimensions::nx=104
Local Domain Dimensions::ny=104
Local Domain Dimensions::Lower ipz=0
Local Domain Dimensions::Upper ipz=0
Local Domain Dimensions::nz=104
########## Problem Summary  ##########=
Setup Information=
Setup Information::Setup Time=1.19793
Linear System Information=
Linear System Information::Number of Equations=4499456
Linear System Information::Number of Nonzero Terms=119934040
Multigrid Information=
Multigrid Information::Number of coarse grid levels=3
Multigrid Information::Coarse Grids=
Multigrid Information::Coarse Grids::Grid Level=1
Multigrid Information::Coarse Grids::Number of Equations=562432
Multigrid Information::Coarse Grids::Number of Nonzero Terms=14799400
Multigrid Information::Coarse Grids::Number of Presmoother Steps=1
Multigrid Information::Coarse Grids::Number of Postsmoother Steps=1
Multigrid Information::Coarse Grids::Grid Level=2
Multigrid Information::Coarse Grids::Number of Equations=70304
Multigrid Information::Coarse Grids::Number of Nonzero Terms=1802416
Multigrid Information::Coarse Grids::Number of Presmoother Steps=1
Multigrid Information::Coarse Grids::Number of Postsmoother Steps=1
Multigrid Information::Coarse Grids::Grid Level=3
Multigrid Information::Coarse Grids::Number of Equations=8788
Multigrid Information::Coarse Grids::Number of Nonzero Terms=213712
Multigrid Information::Coarse Grids::Number of Presmoother Steps=1
Multigrid Information::Coarse Grids::Number of Postsmoother Steps=1
########## Memory Use Summary  ##########=
Memory Use Information=
Memory Use Information::Total memory used for data (Gbytes)=3.21765
Memory Use Information::Memory used for OptimizeProblem data (Gbytes)=0
Memory Use Information::Bytes per equation (Total memory / Number of Equations)=715.12
Memory Use Information::Memory used for linear system and CG (Gbytes)=2.83155
Memory Use Information::Coarse Grids=
Memory Use Information::Coarse Grids::Grid Level=1
Memory Use Information::Coarse Grids::Memory used=0.338437
Memory Use Information::Coarse Grids::Grid Level=2
Memory Use Information::Coarse Grids::Memory used=0.042358
Memory Use Information::Coarse Grids::Grid Level=3
Memory Use Information::Coarse Grids::Memory used=0.00530879
########## V&V Testing Summary  ##########=
Spectral Convergence Tests=
Spectral Convergence Tests::Result=PASSED
Spectral Convergence Tests::Unpreconditioned=
Spectral Convergence Tests::Unpreconditioned::Maximum iteration count=11
Spectral Convergence Tests::Unpreconditioned::Expected iteration count=12
Spectral Convergence Tests::Preconditioned=
Spectral Convergence Tests::Preconditioned::Maximum iteration count=2
Spectral Convergence Tests::Preconditioned::Expected iteration count=2
Departure from Symmetry |x'Ay-y'Ax|/(2*||x||*||A||*||y||)/epsilon=
Departure from Symmetry |x'Ay-y'Ax|/(2*||x||*||A||*||y||)/epsilon::Result=PASSED
Departure from Symmetry |x'Ay-y'Ax|/(2*||x||*||A||*||y||)/epsilon::Departure for SpMV=6.89676e-08
Departure from Symmetry |x'Ay-y'Ax|/(2*||x||*||A||*||y||)/epsilon::Departure for MG=3.65876e-10
########## Iterations Summary  ##########=
Iteration Count Information=
Iteration Count Information::Result=PASSED
Iteration Count Information::Reference CG iterations per set=50
Iteration Count Information::Optimized CG iterations per set=50
Iteration Count Information::Total number of reference iterations=200
Iteration Count Information::Total number of optimized iterations=200
########## Reproducibility Summary  ##########=
Reproducibility Information=
Reproducibility Information::Result=PASSED
Reproducibility Information::Scaled residual mean=3.82521e-05
Reproducibility Information::Scaled residual variance=0
########## Performance Summary (times in sec) ##########=
Benchmark Time Summary=
Benchmark Time Summary::Optimization phase=5.1e-08
Benchmark Time Summary::DDOT=0.935993
Benchmark Time Summary::WAXPBY=1.75004
Benchmark Time Summary::SpMV=11.2005
Benchmark Time Summary::MG=61.8605
Benchmark Time Summary::Total=75.7581
Floating Point Operations Summary=
Floating Point Operations Summary::Raw DDOT=5.43534e+09
Floating Point Operations Summary::Raw WAXPBY=5.43534e+09
Floating Point Operations Summary::Raw SpMV=4.89331e+10
Floating Point Operations Summary::Raw MG=2.73243e+11
Floating Point Operations Summary::Total=3.33046e+11
Floating Point Operations Summary::Total with convergence overhead=3.33046e+11
GB/s Summary=
GB/s Summary::Raw Read B/W=27.0864
GB/s Summary::Raw Write B/W=6.25973
GB/s Summary::Raw Total B/W=33.3461
GB/s Summary::Total with convergence and optimization phase overhead=33.1365
GFLOP/s Summary=
GFLOP/s Summary::Raw DDOT=5.80703
GFLOP/s Summary::Raw WAXPBY=3.10585
GFLOP/s Summary::Raw SpMV=4.36885
GFLOP/s Summary::Raw MG=4.41707
GFLOP/s Summary::Raw Total=4.39619
GFLOP/s Summary::Total with convergence overhead=4.39619
GFLOP/s Summary::Total with convergence and optimization phase overhead=4.36855
User Optimization Overheads=
User Optimization Overheads::Optimization phase time (sec)=5.1e-08
User Optimization Overheads::Optimization phase time vs reference SpMV+MG time=1.40946e-07
DDOT Timing Variations=
DDOT Timing Variations::Min DDOT MPI_Allreduce time=0.00811234
DDOT Timing Variations::Max DDOT MPI_Allreduce time=0.534174
DDOT Timing Variations::Avg DDOT MPI_Allreduce time=0.207112
Final Summary=
Final Summary::HPCG result is VALID with a GFLOP/s rating of=4.36855
Final Summary::HPCG 2.4 rating for historical reasons is=4.39619
Final Summary::Reference version of ComputeDotProduct used=Performance results are most likely suboptimal
Final Summary::Reference version of ComputeSPMV used=Performance results are most likely suboptimal
Final Summary::Reference version of ComputeMG used=Performance results are most likely suboptimal
Final Summary::Reference version of ComputeWAXPBY used=Performance results are most likely suboptimal
Final Summary::Results are valid but execution time (sec) is=75.7581
Final Summary::Official results execution time (sec) must be at least=1800
Running HPCG with 6 cores ...
Final Summary::HPCG result is VALID with a GFLOP/s rating of=4.20032
HPCG-Benchmark
version=3.1
Release date=March 28, 2019
Machine Summary=
Machine Summary::Distributed Processes=6
Machine Summary::Threads per processes=1
Global Problem Dimensions=
Global Problem Dimensions::Global nx=208
Global Problem Dimensions::Global ny=312
Global Problem Dimensions::Global nz=104
Processor Dimensions=
Processor Dimensions::npx=2
Processor Dimensions::npy=3
Processor Dimensions::npz=1
Local Domain Dimensions=
Local Domain Dimensions::nx=104
Local Domain Dimensions::ny=104
Local Domain Dimensions::Lower ipz=0
Local Domain Dimensions::Upper ipz=0
Local Domain Dimensions::nz=104
########## Problem Summary  ##########=
Setup Information=
Setup Information::Setup Time=1.36688
Linear System Information=
Linear System Information::Number of Equations=6749184
Linear System Information::Number of Nonzero Terms=180093880
Multigrid Information=
Multigrid Information::Number of coarse grid levels=3
Multigrid Information::Coarse Grids=
Multigrid Information::Coarse Grids::Grid Level=1
Multigrid Information::Coarse Grids::Number of Equations=843648
Multigrid Information::Coarse Grids::Number of Nonzero Terms=22246840
Multigrid Information::Coarse Grids::Number of Presmoother Steps=1
Multigrid Information::Coarse Grids::Number of Postsmoother Steps=1
Multigrid Information::Coarse Grids::Grid Level=2
Multigrid Information::Coarse Grids::Number of Equations=105456
Multigrid Information::Coarse Grids::Number of Nonzero Terms=2715328
Multigrid Information::Coarse Grids::Number of Presmoother Steps=1
Multigrid Information::Coarse Grids::Number of Postsmoother Steps=1
Multigrid Information::Coarse Grids::Grid Level=3
Multigrid Information::Coarse Grids::Number of Equations=13182
Multigrid Information::Coarse Grids::Number of Nonzero Terms=323380
Multigrid Information::Coarse Grids::Number of Presmoother Steps=1
Multigrid Information::Coarse Grids::Number of Postsmoother Steps=1
########## Memory Use Summary  ##########=
Memory Use Information=
Memory Use Information::Total memory used for data (Gbytes)=4.82644
Memory Use Information::Memory used for OptimizeProblem data (Gbytes)=0
Memory Use Information::Bytes per equation (Total memory / Number of Equations)=715.114
Memory Use Information::Memory used for linear system and CG (Gbytes)=4.24732
Memory Use Information::Coarse Grids=
Memory Use Information::Coarse Grids::Grid Level=1
Memory Use Information::Coarse Grids::Memory used=0.507623
Memory Use Information::Coarse Grids::Grid Level=2
Memory Use Information::Coarse Grids::Memory used=0.0635284
Memory Use Information::Coarse Grids::Grid Level=3
Memory Use Information::Coarse Grids::Memory used=0.00796082
########## V&V Testing Summary  ##########=
Spectral Convergence Tests=
Spectral Convergence Tests::Result=PASSED
Spectral Convergence Tests::Unpreconditioned=
Spectral Convergence Tests::Unpreconditioned::Maximum iteration count=11
Spectral Convergence Tests::Unpreconditioned::Expected iteration count=12
Spectral Convergence Tests::Preconditioned=
Spectral Convergence Tests::Preconditioned::Maximum iteration count=2
Spectral Convergence Tests::Preconditioned::Expected iteration count=2
Departure from Symmetry |x'Ay-y'Ax|/(2*||x||*||A||*||y||)/epsilon=
Departure from Symmetry |x'Ay-y'Ax|/(2*||x||*||A||*||y||)/epsilon::Result=PASSED
Departure from Symmetry |x'Ay-y'Ax|/(2*||x||*||A||*||y||)/epsilon::Departure for SpMV=3.49628e-08
Departure from Symmetry |x'Ay-y'Ax|/(2*||x||*||A||*||y||)/epsilon::Departure for MG=9.75706e-10
########## Iterations Summary  ##########=
Iteration Count Information=
Iteration Count Information::Result=PASSED
Iteration Count Information::Reference CG iterations per set=50
Iteration Count Information::Optimized CG iterations per set=50
Iteration Count Information::Total number of reference iterations=150
Iteration Count Information::Total number of optimized iterations=150
########## Reproducibility Summary  ##########=
Reproducibility Information=
Reproducibility Information::Result=PASSED
Reproducibility Information::Scaled residual mean=0.00019263
Reproducibility Information::Scaled residual variance=0
########## Performance Summary (times in sec) ##########=
Benchmark Time Summary=
Benchmark Time Summary::Optimization phase=4e-08
Benchmark Time Summary::DDOT=1.76553
Benchmark Time Summary::WAXPBY=2.05983
Benchmark Time Summary::SpMV=12.7649
Benchmark Time Summary::MG=72.2926
Benchmark Time Summary::Total=88.8966
Floating Point Operations Summary=
Floating Point Operations Summary::Raw DDOT=6.11476e+09
Floating Point Operations Summary::Raw WAXPBY=6.11476e+09
Floating Point Operations Summary::Raw SpMV=5.51087e+10
Floating Point Operations Summary::Raw MG=3.07778e+11
Floating Point Operations Summary::Total=3.75116e+11
Floating Point Operations Summary::Total with convergence overhead=3.75116e+11
GB/s Summary=
GB/s Summary::Raw Read B/W=25.9982
GB/s Summary::Raw Write B/W=6.0082
GB/s Summary::Raw Total B/W=32.0064
GB/s Summary::Total with convergence and optimization phase overhead=31.8594
GFLOP/s Summary=
GFLOP/s Summary::Raw DDOT=3.46341
GFLOP/s Summary::Raw WAXPBY=2.96857
GFLOP/s Summary::Raw SpMV=4.31722
GFLOP/s Summary::Raw MG=4.2574
GFLOP/s Summary::Raw Total=4.21969
GFLOP/s Summary::Total with convergence overhead=4.21969
GFLOP/s Summary::Total with convergence and optimization phase overhead=4.20032
User Optimization Overheads=
User Optimization Overheads::Optimization phase time (sec)=4e-08
User Optimization Overheads::Optimization phase time vs reference SpMV+MG time=7.09053e-08
DDOT Timing Variations=
DDOT Timing Variations::Min DDOT MPI_Allreduce time=0.0183208
DDOT Timing Variations::Max DDOT MPI_Allreduce time=0.58499
DDOT Timing Variations::Avg DDOT MPI_Allreduce time=0.266082
Final Summary=
Final Summary::HPCG result is VALID with a GFLOP/s rating of=4.20032
Final Summary::HPCG 2.4 rating for historical reasons is=4.21969
Final Summary::Reference version of ComputeDotProduct used=Performance results are most likely suboptimal
Final Summary::Reference version of ComputeSPMV used=Performance results are most likely suboptimal
Final Summary::Reference version of ComputeMG used=Performance results are most likely suboptimal
Final Summary::Reference version of ComputeWAXPBY used=Performance results are most likely suboptimal
Final Summary::Results are valid but execution time (sec) is=88.8966
Final Summary::Official results execution time (sec) must be at least=1800
Running HPCG with 8 cores ...
Final Summary::HPCG result is VALID with a GFLOP/s rating of=4.12224
HPCG-Benchmark
version=3.1
Release date=March 28, 2019
Machine Summary=
Machine Summary::Distributed Processes=8
Machine Summary::Threads per processes=1
Global Problem Dimensions=
Global Problem Dimensions::Global nx=208
Global Problem Dimensions::Global ny=208
Global Problem Dimensions::Global nz=208
Processor Dimensions=
Processor Dimensions::npx=2
Processor Dimensions::npy=2
Processor Dimensions::npz=2
Local Domain Dimensions=
Local Domain Dimensions::nx=104
Local Domain Dimensions::ny=104
Local Domain Dimensions::Lower ipz=0
Local Domain Dimensions::Upper ipz=1
Local Domain Dimensions::nz=104
########## Problem Summary  ##########=
Setup Information=
Setup Information::Setup Time=1.62852
Linear System Information=
Linear System Information::Number of Equations=8998912
Linear System Information::Number of Nonzero Terms=240641848
Multigrid Information=
Multigrid Information::Number of coarse grid levels=3
Multigrid Information::Coarse Grids=
Multigrid Information::Coarse Grids::Grid Level=1
Multigrid Information::Coarse Grids::Number of Equations=1124864
Multigrid Information::Coarse Grids::Number of Nonzero Terms=29791000
Multigrid Information::Coarse Grids::Number of Presmoother Steps=1
Multigrid Information::Coarse Grids::Number of Postsmoother Steps=1
Multigrid Information::Coarse Grids::Grid Level=2
Multigrid Information::Coarse Grids::Number of Equations=140608
Multigrid Information::Coarse Grids::Number of Nonzero Terms=3652264
Multigrid Information::Coarse Grids::Number of Presmoother Steps=1
Multigrid Information::Coarse Grids::Number of Postsmoother Steps=1
Multigrid Information::Coarse Grids::Grid Level=3
Multigrid Information::Coarse Grids::Number of Equations=17576
Multigrid Information::Coarse Grids::Number of Nonzero Terms=438976
Multigrid Information::Coarse Grids::Number of Presmoother Steps=1
Multigrid Information::Coarse Grids::Number of Postsmoother Steps=1
########## Memory Use Summary  ##########=
Memory Use Information=
Memory Use Information::Total memory used for data (Gbytes)=6.43715
Memory Use Information::Memory used for OptimizeProblem data (Gbytes)=0
Memory Use Information::Bytes per equation (Total memory / Number of Equations)=715.326
Memory Use Information::Memory used for linear system and CG (Gbytes)=5.66451
Memory Use Information::Coarse Grids=
Memory Use Information::Coarse Grids::Grid Level=1
Memory Use Information::Coarse Grids::Memory used=0.677201
Memory Use Information::Coarse Grids::Grid Level=2
Memory Use Information::Coarse Grids::Memory used=0.0848009
Memory Use Information::Coarse Grids::Grid Level=3
Memory Use Information::Coarse Grids::Memory used=0.0106403
########## V&V Testing Summary  ##########=
Spectral Convergence Tests=
Spectral Convergence Tests::Result=PASSED
Spectral Convergence Tests::Unpreconditioned=
Spectral Convergence Tests::Unpreconditioned::Maximum iteration count=11
Spectral Convergence Tests::Unpreconditioned::Expected iteration count=12
Spectral Convergence Tests::Preconditioned=
Spectral Convergence Tests::Preconditioned::Maximum iteration count=2
Spectral Convergence Tests::Preconditioned::Expected iteration count=2
Departure from Symmetry |x'Ay-y'Ax|/(2*||x||*||A||*||y||)/epsilon=
Departure from Symmetry |x'Ay-y'Ax|/(2*||x||*||A||*||y||)/epsilon::Result=PASSED
Departure from Symmetry |x'Ay-y'Ax|/(2*||x||*||A||*||y||)/epsilon::Departure for SpMV=2.1955e-09
Departure from Symmetry |x'Ay-y'Ax|/(2*||x||*||A||*||y||)/epsilon::Departure for MG=3.65917e-09
########## Iterations Summary  ##########=
Iteration Count Information=
Iteration Count Information::Result=PASSED
Iteration Count Information::Reference CG iterations per set=50
Iteration Count Information::Optimized CG iterations per set=50
Iteration Count Information::Total number of reference iterations=100
Iteration Count Information::Total number of optimized iterations=100
########## Reproducibility Summary  ##########=
Reproducibility Information=
Reproducibility Information::Result=PASSED
Reproducibility Information::Scaled residual mean=0.000253249
Reproducibility Information::Scaled residual variance=0
########## Performance Summary (times in sec) ##########=
Benchmark Time Summary=
Benchmark Time Summary::Optimization phase=1.1e-07
Benchmark Time Summary::DDOT=2.0897
Benchmark Time Summary::WAXPBY=1.91103
Benchmark Time Summary::SpMV=11.3476
Benchmark Time Summary::MG=65.3907
Benchmark Time Summary::Total=80.7521
Floating Point Operations Summary=
Floating Point Operations Summary::Raw DDOT=5.43534e+09
Floating Point Operations Summary::Raw WAXPBY=5.43534e+09
Floating Point Operations Summary::Raw SpMV=4.90909e+10
Floating Point Operations Summary::Raw MG=2.74261e+11
Floating Point Operations Summary::Total=3.34222e+11
Floating Point Operations Summary::Total with convergence overhead=3.34222e+11
GB/s Summary=
GB/s Summary::Raw Read B/W=25.4986
GB/s Summary::Raw Write B/W=5.89268
GB/s Summary::Raw Total B/W=31.3913
GB/s Summary::Total with convergence and optimization phase overhead=31.2652
GFLOP/s Summary=
GFLOP/s Summary::Raw DDOT=2.60101
GFLOP/s Summary::Raw WAXPBY=2.8442
GFLOP/s Summary::Raw SpMV=4.32612
GFLOP/s Summary::Raw MG=4.19418
GFLOP/s Summary::Raw Total=4.13887
GFLOP/s Summary::Total with convergence overhead=4.13887
GFLOP/s Summary::Total with convergence and optimization phase overhead=4.12224
User Optimization Overheads=
User Optimization Overheads::Optimization phase time (sec)=1.1e-07
User Optimization Overheads::Optimization phase time vs reference SpMV+MG time=1.4258e-07
DDOT Timing Variations=
DDOT Timing Variations::Min DDOT MPI_Allreduce time=0.0172117
DDOT Timing Variations::Max DDOT MPI_Allreduce time=1.29218
DDOT Timing Variations::Avg DDOT MPI_Allreduce time=0.666955
Final Summary=
Final Summary::HPCG result is VALID with a GFLOP/s rating of=4.12224
Final Summary::HPCG 2.4 rating for historical reasons is=4.13887
Final Summary::Reference version of ComputeDotProduct used=Performance results are most likely suboptimal
Final Summary::Reference version of ComputeSPMV used=Performance results are most likely suboptimal
Final Summary::Reference version of ComputeMG used=Performance results are most likely suboptimal
Final Summary::Reference version of ComputeWAXPBY used=Performance results are most likely suboptimal
Final Summary::Results are valid but execution time (sec) is=80.7521
Final Summary::Official results execution time (sec) must be at least=1800
Running HPCG with -- cores ...
Final Summary::HPCG result is VALID with a GFLOP/s rating of=4.12272
HPCG-Benchmark
version=3.1
Release date=March 28, 2019
Machine Summary=
Machine Summary::Distributed Processes=8
Machine Summary::Threads per processes=1
Global Problem Dimensions=
Global Problem Dimensions::Global nx=208
Global Problem Dimensions::Global ny=208
Global Problem Dimensions::Global nz=208
Processor Dimensions=
Processor Dimensions::npx=2
Processor Dimensions::npy=2
Processor Dimensions::npz=2
Local Domain Dimensions=
Local Domain Dimensions::nx=104
Local Domain Dimensions::ny=104
Local Domain Dimensions::Lower ipz=0
Local Domain Dimensions::Upper ipz=1
Local Domain Dimensions::nz=104
########## Problem Summary  ##########=
Setup Information=
Setup Information::Setup Time=1.61639
Linear System Information=
Linear System Information::Number of Equations=8998912
Linear System Information::Number of Nonzero Terms=240641848
Multigrid Information=
Multigrid Information::Number of coarse grid levels=3
Multigrid Information::Coarse Grids=
Multigrid Information::Coarse Grids::Grid Level=1
Multigrid Information::Coarse Grids::Number of Equations=1124864
Multigrid Information::Coarse Grids::Number of Nonzero Terms=29791000
Multigrid Information::Coarse Grids::Number of Presmoother Steps=1
Multigrid Information::Coarse Grids::Number of Postsmoother Steps=1
Multigrid Information::Coarse Grids::Grid Level=2
Multigrid Information::Coarse Grids::Number of Equations=140608
Multigrid Information::Coarse Grids::Number of Nonzero Terms=3652264
Multigrid Information::Coarse Grids::Number of Presmoother Steps=1
Multigrid Information::Coarse Grids::Number of Postsmoother Steps=1
Multigrid Information::Coarse Grids::Grid Level=3
Multigrid Information::Coarse Grids::Number of Equations=17576
Multigrid Information::Coarse Grids::Number of Nonzero Terms=438976
Multigrid Information::Coarse Grids::Number of Presmoother Steps=1
Multigrid Information::Coarse Grids::Number of Postsmoother Steps=1
########## Memory Use Summary  ##########=
Memory Use Information=
Memory Use Information::Total memory used for data (Gbytes)=6.43715
Memory Use Information::Memory used for OptimizeProblem data (Gbytes)=0
Memory Use Information::Bytes per equation (Total memory / Number of Equations)=715.326
Memory Use Information::Memory used for linear system and CG (Gbytes)=5.66451
Memory Use Information::Coarse Grids=
Memory Use Information::Coarse Grids::Grid Level=1
Memory Use Information::Coarse Grids::Memory used=0.677201
Memory Use Information::Coarse Grids::Grid Level=2
Memory Use Information::Coarse Grids::Memory used=0.0848009
Memory Use Information::Coarse Grids::Grid Level=3
Memory Use Information::Coarse Grids::Memory used=0.0106403
########## V&V Testing Summary  ##########=
Spectral Convergence Tests=
Spectral Convergence Tests::Result=PASSED
Spectral Convergence Tests::Unpreconditioned=
Spectral Convergence Tests::Unpreconditioned::Maximum iteration count=11
Spectral Convergence Tests::Unpreconditioned::Expected iteration count=12
Spectral Convergence Tests::Preconditioned=
Spectral Convergence Tests::Preconditioned::Maximum iteration count=2
Spectral Convergence Tests::Preconditioned::Expected iteration count=2
Departure from Symmetry |x'Ay-y'Ax|/(2*||x||*||A||*||y||)/epsilon=
Departure from Symmetry |x'Ay-y'Ax|/(2*||x||*||A||*||y||)/epsilon::Result=PASSED
Departure from Symmetry |x'Ay-y'Ax|/(2*||x||*||A||*||y||)/epsilon::Departure for SpMV=2.1955e-09
Departure from Symmetry |x'Ay-y'Ax|/(2*||x||*||A||*||y||)/epsilon::Departure for MG=3.65917e-09
########## Iterations Summary  ##########=
Iteration Count Information=
Iteration Count Information::Result=PASSED
Iteration Count Information::Reference CG iterations per set=50
Iteration Count Information::Optimized CG iterations per set=50
Iteration Count Information::Total number of reference iterations=100
Iteration Count Information::Total number of optimized iterations=100
########## Reproducibility Summary  ##########=
Reproducibility Information=
Reproducibility Information::Result=PASSED
Reproducibility Information::Scaled residual mean=0.000253249
Reproducibility Information::Scaled residual variance=0
########## Performance Summary (times in sec) ##########=
Benchmark Time Summary=
Benchmark Time Summary::Optimization phase=5e-08
Benchmark Time Summary::DDOT=0.525657
Benchmark Time Summary::WAXPBY=1.96894
Benchmark Time Summary::SpMV=11.9066
Benchmark Time Summary::MG=66.3304
Benchmark Time Summary::Total=80.7451
Floating Point Operations Summary=
Floating Point Operations Summary::Raw DDOT=5.43534e+09
Floating Point Operations Summary::Raw WAXPBY=5.43534e+09
Floating Point Operations Summary::Raw SpMV=4.90909e+10
Floating Point Operations Summary::Raw MG=2.74261e+11
Floating Point Operations Summary::Total=3.34222e+11
Floating Point Operations Summary::Total with convergence overhead=3.34222e+11
GB/s Summary=
GB/s Summary::Raw Read B/W=25.5008
GB/s Summary::Raw Write B/W=5.89319
GB/s Summary::Raw Total B/W=31.394
GB/s Summary::Total with convergence and optimization phase overhead=31.2688
GFLOP/s Summary=
GFLOP/s Summary::Raw DDOT=10.3401
GFLOP/s Summary::Raw WAXPBY=2.76054
GFLOP/s Summary::Raw SpMV=4.12301
GFLOP/s Summary::Raw MG=4.13477
GFLOP/s Summary::Raw Total=4.13923
GFLOP/s Summary::Total with convergence overhead=4.13923
GFLOP/s Summary::Total with convergence and optimization phase overhead=4.12272
User Optimization Overheads=
User Optimization Overheads::Optimization phase time (sec)=5e-08
User Optimization Overheads::Optimization phase time vs reference SpMV+MG time=6.4716e-08
DDOT Timing Variations=
DDOT Timing Variations::Min DDOT MPI_Allreduce time=0.0196627
DDOT Timing Variations::Max DDOT MPI_Allreduce time=1.28965
DDOT Timing Variations::Avg DDOT MPI_Allreduce time=0.690969
Final Summary=
Final Summary::HPCG result is VALID with a GFLOP/s rating of=4.12272
Final Summary::HPCG 2.4 rating for historical reasons is=4.13923
Final Summary::Reference version of ComputeDotProduct used=Performance results are most likely suboptimal
Final Summary::Reference version of ComputeSPMV used=Performance results are most likely suboptimal
Final Summary::Reference version of ComputeMG used=Performance results are most likely suboptimal
Final Summary::Reference version of ComputeWAXPBY used=Performance results are most likely suboptimal
Final Summary::Results are valid but execution time (sec) is=80.7451
Final Summary::Official results execution time (sec) must be at least=1800
