************************************************************************
Running HPCG benchmark series with 1 2 4 6 8 cores
Results will be written to hpcg-jobs.out
************************************************************************
Running HPCG with 1 cores ...
Final Summary::HPCG result is VALID with a GFLOP/s rating of=2.84735
HPCG-Benchmark
version=3.1
Release date=March 28, 2019
Machine Summary=
Machine Summary::Distributed Processes=1
Machine Summary::Threads per processes=1
Global Problem Dimensions=
Global Problem Dimensions::Global nx=104
Global Problem Dimensions::Global ny=104
Global Problem Dimensions::Global nz=104
Processor Dimensions=
Processor Dimensions::npx=1
Processor Dimensions::npy=1
Processor Dimensions::npz=1
Local Domain Dimensions=
Local Domain Dimensions::nx=104
Local Domain Dimensions::ny=104
Local Domain Dimensions::Lower ipz=0
Local Domain Dimensions::Upper ipz=0
Local Domain Dimensions::nz=104
########## Problem Summary  ##########=
Setup Information=
Setup Information::Setup Time=0.938586
Linear System Information=
Linear System Information::Number of Equations=1124864
Linear System Information::Number of Nonzero Terms=29791000
Multigrid Information=
Multigrid Information::Number of coarse grid levels=3
Multigrid Information::Coarse Grids=
Multigrid Information::Coarse Grids::Grid Level=1
Multigrid Information::Coarse Grids::Number of Equations=140608
Multigrid Information::Coarse Grids::Number of Nonzero Terms=3652264
Multigrid Information::Coarse Grids::Number of Presmoother Steps=1
Multigrid Information::Coarse Grids::Number of Postsmoother Steps=1
Multigrid Information::Coarse Grids::Grid Level=2
Multigrid Information::Coarse Grids::Number of Equations=17576
Multigrid Information::Coarse Grids::Number of Nonzero Terms=438976
Multigrid Information::Coarse Grids::Number of Presmoother Steps=1
Multigrid Information::Coarse Grids::Number of Postsmoother Steps=1
Multigrid Information::Coarse Grids::Grid Level=3
Multigrid Information::Coarse Grids::Number of Equations=2197
Multigrid Information::Coarse Grids::Number of Nonzero Terms=50653
Multigrid Information::Coarse Grids::Number of Presmoother Steps=1
Multigrid Information::Coarse Grids::Number of Postsmoother Steps=1
########## Memory Use Summary  ##########=
Memory Use Information=
Memory Use Information::Total memory used for data (Gbytes)=0.80393
Memory Use Information::Memory used for OptimizeProblem data (Gbytes)=0
Memory Use Information::Bytes per equation (Total memory / Number of Equations)=714.691
Memory Use Information::Memory used for linear system and CG (Gbytes)=0.70754
Memory Use Information::Coarse Grids=
Memory Use Information::Coarse Grids::Grid Level=1
Memory Use Information::Coarse Grids::Memory used=0.0845059
Memory Use Information::Coarse Grids::Grid Level=2
Memory Use Information::Coarse Grids::Memory used=0.0105637
Memory Use Information::Coarse Grids::Grid Level=3
Memory Use Information::Coarse Grids::Memory used=0.0013209
########## V&V Testing Summary  ##########=
Spectral Convergence Tests=
Spectral Convergence Tests::Result=PASSED
Spectral Convergence Tests::Unpreconditioned=
Spectral Convergence Tests::Unpreconditioned::Maximum iteration count=11
Spectral Convergence Tests::Unpreconditioned::Expected iteration count=12
Spectral Convergence Tests::Preconditioned=
Spectral Convergence Tests::Preconditioned::Maximum iteration count=1
Spectral Convergence Tests::Preconditioned::Expected iteration count=2
Departure from Symmetry |x'Ay-y'Ax|/(2*||x||*||A||*||y||)/epsilon=
Departure from Symmetry |x'Ay-y'Ax|/(2*||x||*||A||*||y||)/epsilon::Result=PASSED
Departure from Symmetry |x'Ay-y'Ax|/(2*||x||*||A||*||y||)/epsilon::Departure for SpMV=1.9026e-08
Departure from Symmetry |x'Ay-y'Ax|/(2*||x||*||A||*||y||)/epsilon::Departure for MG=2.70754e-08
########## Iterations Summary  ##########=
Iteration Count Information=
Iteration Count Information::Result=PASSED
Iteration Count Information::Reference CG iterations per set=50
Iteration Count Information::Optimized CG iterations per set=50
Iteration Count Information::Total number of reference iterations=450
Iteration Count Information::Total number of optimized iterations=450
########## Reproducibility Summary  ##########=
Reproducibility Information=
Reproducibility Information::Result=PASSED
Reproducibility Information::Scaled residual mean=4.99963e-08
Reproducibility Information::Scaled residual variance=0
########## Performance Summary (times in sec) ##########=
Benchmark Time Summary=
Benchmark Time Summary::Optimization phase=1.11e-07
Benchmark Time Summary::DDOT=1.30797
Benchmark Time Summary::WAXPBY=0.763412
Benchmark Time Summary::SpMV=8.55142
Benchmark Time Summary::MG=53.8603
Benchmark Time Summary::Total=64.4876
Floating Point Operations Summary=
Floating Point Operations Summary::Raw DDOT=3.05738e+09
Floating Point Operations Summary::Raw WAXPBY=3.05738e+09
Floating Point Operations Summary::Raw SpMV=2.73481e+10
Floating Point Operations Summary::Raw MG=1.52561e+11
Floating Point Operations Summary::Total=1.86024e+11
Floating Point Operations Summary::Total with convergence overhead=1.86024e+11
GB/s Summary=
GB/s Summary::Raw Read B/W=17.7766
GB/s Summary::Raw Write B/W=4.10837
GB/s Summary::Raw Total B/W=21.885
GB/s Summary::Total with convergence and optimization phase overhead=21.602
GFLOP/s Summary=
GFLOP/s Summary::Raw DDOT=2.3375
GFLOP/s Summary::Raw WAXPBY=4.00489
GFLOP/s Summary::Raw SpMV=3.19808
GFLOP/s Summary::Raw MG=2.83254
GFLOP/s Summary::Raw Total=2.88465
GFLOP/s Summary::Total with convergence overhead=2.88465
GFLOP/s Summary::Total with convergence and optimization phase overhead=2.84735
User Optimization Overheads=
User Optimization Overheads::Optimization phase time (sec)=1.11e-07
User Optimization Overheads::Optimization phase time vs reference SpMV+MG time=8.16828e-07
DDOT Timing Variations=
DDOT Timing Variations::Min DDOT MPI_Allreduce time=0.00150386
DDOT Timing Variations::Max DDOT MPI_Allreduce time=0.00150386
DDOT Timing Variations::Avg DDOT MPI_Allreduce time=0.00150386
Final Summary=
Final Summary::HPCG result is VALID with a GFLOP/s rating of=2.84735
Final Summary::HPCG 2.4 rating for historical reasons is=2.88465
Final Summary::Reference version of ComputeDotProduct used=Performance results are most likely suboptimal
Final Summary::Reference version of ComputeSPMV used=Performance results are most likely suboptimal
Final Summary::Reference version of ComputeMG used=Performance results are most likely suboptimal
Final Summary::Reference version of ComputeWAXPBY used=Performance results are most likely suboptimal
Final Summary::Results are valid but execution time (sec) is=64.4876
Final Summary::Official results execution time (sec) must be at least=1800
Running HPCG with 2 cores ...
Final Summary::HPCG result is VALID with a GFLOP/s rating of=4.29744
HPCG-Benchmark
version=3.1
Release date=March 28, 2019
Machine Summary=
Machine Summary::Distributed Processes=2
Machine Summary::Threads per processes=1
Global Problem Dimensions=
Global Problem Dimensions::Global nx=208
Global Problem Dimensions::Global ny=104
Global Problem Dimensions::Global nz=104
Processor Dimensions=
Processor Dimensions::npx=2
Processor Dimensions::npy=1
Processor Dimensions::npz=1
Local Domain Dimensions=
Local Domain Dimensions::nx=104
Local Domain Dimensions::ny=104
Local Domain Dimensions::Lower ipz=0
Local Domain Dimensions::Upper ipz=0
Local Domain Dimensions::nz=104
########## Problem Summary  ##########=
Setup Information=
Setup Information::Setup Time=1.03479
Linear System Information=
Linear System Information::Number of Equations=2249728
Linear System Information::Number of Nonzero Terms=59774200
Multigrid Information=
Multigrid Information::Number of coarse grid levels=3
Multigrid Information::Coarse Grids=
Multigrid Information::Coarse Grids::Grid Level=1
Multigrid Information::Coarse Grids::Number of Equations=281216
Multigrid Information::Coarse Grids::Number of Nonzero Terms=7351960
Multigrid Information::Coarse Grids::Number of Presmoother Steps=1
Multigrid Information::Coarse Grids::Number of Postsmoother Steps=1
Multigrid Information::Coarse Grids::Grid Level=2
Multigrid Information::Coarse Grids::Number of Equations=35152
Multigrid Information::Coarse Grids::Number of Nonzero Terms=889504
Multigrid Information::Coarse Grids::Number of Presmoother Steps=1
Multigrid Information::Coarse Grids::Number of Postsmoother Steps=1
Multigrid Information::Coarse Grids::Grid Level=3
Multigrid Information::Coarse Grids::Number of Equations=4394
Multigrid Information::Coarse Grids::Number of Nonzero Terms=104044
Multigrid Information::Coarse Grids::Number of Presmoother Steps=1
Multigrid Information::Coarse Grids::Number of Postsmoother Steps=1
########## Memory Use Summary  ##########=
Memory Use Information=
Memory Use Information::Total memory used for data (Gbytes)=1.60836
Memory Use Information::Memory used for OptimizeProblem data (Gbytes)=0
Memory Use Information::Bytes per equation (Total memory / Number of Equations)=714.913
Memory Use Information::Memory used for linear system and CG (Gbytes)=1.41543
Memory Use Information::Coarse Grids=
Memory Use Information::Coarse Grids::Grid Level=1
Memory Use Information::Coarse Grids::Memory used=0.16913
Memory Use Information::Coarse Grids::Grid Level=2
Memory Use Information::Coarse Grids::Memory used=0.0211566
Memory Use Information::Coarse Grids::Grid Level=3
Memory Use Information::Coarse Grids::Memory used=0.00264874
########## V&V Testing Summary  ##########=
Spectral Convergence Tests=
Spectral Convergence Tests::Result=PASSED
Spectral Convergence Tests::Unpreconditioned=
Spectral Convergence Tests::Unpreconditioned::Maximum iteration count=11
Spectral Convergence Tests::Unpreconditioned::Expected iteration count=12
Spectral Convergence Tests::Preconditioned=
Spectral Convergence Tests::Preconditioned::Maximum iteration count=2
Spectral Convergence Tests::Preconditioned::Expected iteration count=2
Departure from Symmetry |x'Ay-y'Ax|/(2*||x||*||A||*||y||)/epsilon=
Departure from Symmetry |x'Ay-y'Ax|/(2*||x||*||A||*||y||)/epsilon::Result=PASSED
Departure from Symmetry |x'Ay-y'Ax|/(2*||x||*||A||*||y||)/epsilon::Departure for SpMV=9.51219e-09
Departure from Symmetry |x'Ay-y'Ax|/(2*||x||*||A||*||y||)/epsilon::Departure for MG=2.11463e-07
########## Iterations Summary  ##########=
Iteration Count Information=
Iteration Count Information::Result=PASSED
Iteration Count Information::Reference CG iterations per set=50
Iteration Count Information::Optimized CG iterations per set=50
Iteration Count Information::Total number of reference iterations=350
Iteration Count Information::Total number of optimized iterations=350
########## Reproducibility Summary  ##########=
Reproducibility Information=
Reproducibility Information::Result=PASSED
Reproducibility Information::Scaled residual mean=3.36952e-06
Reproducibility Information::Scaled residual variance=0
########## Performance Summary (times in sec) ##########=
Benchmark Time Summary=
Benchmark Time Summary::Optimization phase=5e-08
Benchmark Time Summary::DDOT=1.65412
Benchmark Time Summary::WAXPBY=1.26596
Benchmark Time Summary::SpMV=9.63123
Benchmark Time Summary::MG=54.2894
Benchmark Time Summary::Total=66.8487
Floating Point Operations Summary=
Floating Point Operations Summary::Raw DDOT=4.75592e+09
Floating Point Operations Summary::Raw WAXPBY=4.75592e+09
Floating Point Operations Summary::Raw SpMV=4.26788e+10
Floating Point Operations Summary::Raw MG=2.382e+11
Floating Point Operations Summary::Total=2.90391e+11
Floating Point Operations Summary::Total with convergence overhead=2.90391e+11
GB/s Summary=
GB/s Summary::Raw Read B/W=26.7674
GB/s Summary::Raw Write B/W=6.18612
GB/s Summary::Raw Total B/W=32.9535
GB/s Summary::Total with convergence and optimization phase overhead=32.6002
GFLOP/s Summary=
GFLOP/s Summary::Raw DDOT=2.8752
GFLOP/s Summary::Raw WAXPBY=3.75676
GFLOP/s Summary::Raw SpMV=4.43129
GFLOP/s Summary::Raw MG=4.3876
GFLOP/s Summary::Raw Total=4.34401
GFLOP/s Summary::Total with convergence overhead=4.34401
GFLOP/s Summary::Total with convergence and optimization phase overhead=4.29744
User Optimization Overheads=
User Optimization Overheads::Optimization phase time (sec)=5e-08
User Optimization Overheads::Optimization phase time vs reference SpMV+MG time=2.74361e-07
DDOT Timing Variations=
DDOT Timing Variations::Min DDOT MPI_Allreduce time=0.0355461
DDOT Timing Variations::Max DDOT MPI_Allreduce time=0.596006
DDOT Timing Variations::Avg DDOT MPI_Allreduce time=0.315776
Final Summary=
Final Summary::HPCG result is VALID with a GFLOP/s rating of=4.29744
Final Summary::HPCG 2.4 rating for historical reasons is=4.34401
Final Summary::Reference version of ComputeDotProduct used=Performance results are most likely suboptimal
Final Summary::Reference version of ComputeSPMV used=Performance results are most likely suboptimal
Final Summary::Reference version of ComputeMG used=Performance results are most likely suboptimal
Final Summary::Reference version of ComputeWAXPBY used=Performance results are most likely suboptimal
Final Summary::Results are valid but execution time (sec) is=66.8487
Final Summary::Official results execution time (sec) must be at least=1800
Running HPCG with 4 cores ...
Final Summary::HPCG result is VALID with a GFLOP/s rating of=4.21524
HPCG-Benchmark
version=3.1
Release date=March 28, 2019
Machine Summary=
Machine Summary::Distributed Processes=4
Machine Summary::Threads per processes=1
Global Problem Dimensions=
Global Problem Dimensions::Global nx=208
Global Problem Dimensions::Global ny=208
Global Problem Dimensions::Global nz=104
Processor Dimensions=
Processor Dimensions::npx=2
Processor Dimensions::npy=2
Processor Dimensions::npz=1
Local Domain Dimensions=
Local Domain Dimensions::nx=104
Local Domain Dimensions::ny=104
Local Domain Dimensions::Lower ipz=0
Local Domain Dimensions::Upper ipz=0
Local Domain Dimensions::nz=104
########## Problem Summary  ##########=
Setup Information=
Setup Information::Setup Time=1.90786
Linear System Information=
Linear System Information::Number of Equations=4499456
Linear System Information::Number of Nonzero Terms=119934040
Multigrid Information=
Multigrid Information::Number of coarse grid levels=3
Multigrid Information::Coarse Grids=
Multigrid Information::Coarse Grids::Grid Level=1
Multigrid Information::Coarse Grids::Number of Equations=562432
Multigrid Information::Coarse Grids::Number of Nonzero Terms=14799400
Multigrid Information::Coarse Grids::Number of Presmoother Steps=1
Multigrid Information::Coarse Grids::Number of Postsmoother Steps=1
Multigrid Information::Coarse Grids::Grid Level=2
Multigrid Information::Coarse Grids::Number of Equations=70304
Multigrid Information::Coarse Grids::Number of Nonzero Terms=1802416
Multigrid Information::Coarse Grids::Number of Presmoother Steps=1
Multigrid Information::Coarse Grids::Number of Postsmoother Steps=1
Multigrid Information::Coarse Grids::Grid Level=3
Multigrid Information::Coarse Grids::Number of Equations=8788
Multigrid Information::Coarse Grids::Number of Nonzero Terms=213712
Multigrid Information::Coarse Grids::Number of Presmoother Steps=1
Multigrid Information::Coarse Grids::Number of Postsmoother Steps=1
########## Memory Use Summary  ##########=
Memory Use Information=
Memory Use Information::Total memory used for data (Gbytes)=3.21765
Memory Use Information::Memory used for OptimizeProblem data (Gbytes)=0
Memory Use Information::Bytes per equation (Total memory / Number of Equations)=715.12
Memory Use Information::Memory used for linear system and CG (Gbytes)=2.83155
Memory Use Information::Coarse Grids=
Memory Use Information::Coarse Grids::Grid Level=1
Memory Use Information::Coarse Grids::Memory used=0.338437
Memory Use Information::Coarse Grids::Grid Level=2
Memory Use Information::Coarse Grids::Memory used=0.042358
Memory Use Information::Coarse Grids::Grid Level=3
Memory Use Information::Coarse Grids::Memory used=0.00530879
########## V&V Testing Summary  ##########=
Spectral Convergence Tests=
Spectral Convergence Tests::Result=PASSED
Spectral Convergence Tests::Unpreconditioned=
Spectral Convergence Tests::Unpreconditioned::Maximum iteration count=11
Spectral Convergence Tests::Unpreconditioned::Expected iteration count=12
Spectral Convergence Tests::Preconditioned=
Spectral Convergence Tests::Preconditioned::Maximum iteration count=2
Spectral Convergence Tests::Preconditioned::Expected iteration count=2
Departure from Symmetry |x'Ay-y'Ax|/(2*||x||*||A||*||y||)/epsilon=
Departure from Symmetry |x'Ay-y'Ax|/(2*||x||*||A||*||y||)/epsilon::Result=PASSED
Departure from Symmetry |x'Ay-y'Ax|/(2*||x||*||A||*||y||)/epsilon::Departure for SpMV=6.89676e-08
Departure from Symmetry |x'Ay-y'Ax|/(2*||x||*||A||*||y||)/epsilon::Departure for MG=3.65876e-10
########## Iterations Summary  ##########=
Iteration Count Information=
Iteration Count Information::Result=PASSED
Iteration Count Information::Reference CG iterations per set=50
Iteration Count Information::Optimized CG iterations per set=50
Iteration Count Information::Total number of reference iterations=200
Iteration Count Information::Total number of optimized iterations=200
########## Reproducibility Summary  ##########=
Reproducibility Information=
Reproducibility Information::Result=PASSED
Reproducibility Information::Scaled residual mean=3.82521e-05
Reproducibility Information::Scaled residual variance=0
########## Performance Summary (times in sec) ##########=
Benchmark Time Summary=
Benchmark Time Summary::Optimization phase=4e-08
Benchmark Time Summary::DDOT=3.28341
Benchmark Time Summary::WAXPBY=1.67616
Benchmark Time Summary::SpMV=10.8084
Benchmark Time Summary::MG=62.4688
Benchmark Time Summary::Total=78.2469
Floating Point Operations Summary=
Floating Point Operations Summary::Raw DDOT=5.43534e+09
Floating Point Operations Summary::Raw WAXPBY=5.43534e+09
Floating Point Operations Summary::Raw SpMV=4.89331e+10
Floating Point Operations Summary::Raw MG=2.73243e+11
Floating Point Operations Summary::Total=3.33046e+11
Floating Point Operations Summary::Total with convergence overhead=3.33046e+11
GB/s Summary=
GB/s Summary::Raw Read B/W=26.2248
GB/s Summary::Raw Write B/W=6.06062
GB/s Summary::Raw Total B/W=32.2855
GB/s Summary::Total with convergence and optimization phase overhead=31.9736
GFLOP/s Summary=
GFLOP/s Summary::Raw DDOT=1.65539
GFLOP/s Summary::Raw WAXPBY=3.24273
GFLOP/s Summary::Raw SpMV=4.52732
GFLOP/s Summary::Raw MG=4.37407
GFLOP/s Summary::Raw Total=4.25636
GFLOP/s Summary::Total with convergence overhead=4.25636
GFLOP/s Summary::Total with convergence and optimization phase overhead=4.21524
User Optimization Overheads=
User Optimization Overheads::Optimization phase time (sec)=4e-08
User Optimization Overheads::Optimization phase time vs reference SpMV+MG time=1.07084e-07
DDOT Timing Variations=
DDOT Timing Variations::Min DDOT MPI_Allreduce time=1.60786
DDOT Timing Variations::Max DDOT MPI_Allreduce time=2.77905
DDOT Timing Variations::Avg DDOT MPI_Allreduce time=2.41152
Final Summary=
Final Summary::HPCG result is VALID with a GFLOP/s rating of=4.21524
Final Summary::HPCG 2.4 rating for historical reasons is=4.25636
Final Summary::Reference version of ComputeDotProduct used=Performance results are most likely suboptimal
Final Summary::Reference version of ComputeSPMV used=Performance results are most likely suboptimal
Final Summary::Reference version of ComputeMG used=Performance results are most likely suboptimal
Final Summary::Reference version of ComputeWAXPBY used=Performance results are most likely suboptimal
Final Summary::Results are valid but execution time (sec) is=78.2469
Final Summary::Official results execution time (sec) must be at least=1800
Running HPCG with 6 cores ...
Final Summary::HPCG result is VALID with a GFLOP/s rating of=4.12258
HPCG-Benchmark
version=3.1
Release date=March 28, 2019
Machine Summary=
Machine Summary::Distributed Processes=6
Machine Summary::Threads per processes=1
Global Problem Dimensions=
Global Problem Dimensions::Global nx=208
Global Problem Dimensions::Global ny=312
Global Problem Dimensions::Global nz=104
Processor Dimensions=
Processor Dimensions::npx=2
Processor Dimensions::npy=3
Processor Dimensions::npz=1
Local Domain Dimensions=
Local Domain Dimensions::nx=104
Local Domain Dimensions::ny=104
Local Domain Dimensions::Lower ipz=0
Local Domain Dimensions::Upper ipz=0
Local Domain Dimensions::nz=104
########## Problem Summary  ##########=
Setup Information=
Setup Information::Setup Time=1.62053
Linear System Information=
Linear System Information::Number of Equations=6749184
Linear System Information::Number of Nonzero Terms=180093880
Multigrid Information=
Multigrid Information::Number of coarse grid levels=3
Multigrid Information::Coarse Grids=
Multigrid Information::Coarse Grids::Grid Level=1
Multigrid Information::Coarse Grids::Number of Equations=843648
Multigrid Information::Coarse Grids::Number of Nonzero Terms=22246840
Multigrid Information::Coarse Grids::Number of Presmoother Steps=1
Multigrid Information::Coarse Grids::Number of Postsmoother Steps=1
Multigrid Information::Coarse Grids::Grid Level=2
Multigrid Information::Coarse Grids::Number of Equations=105456
Multigrid Information::Coarse Grids::Number of Nonzero Terms=2715328
Multigrid Information::Coarse Grids::Number of Presmoother Steps=1
Multigrid Information::Coarse Grids::Number of Postsmoother Steps=1
Multigrid Information::Coarse Grids::Grid Level=3
Multigrid Information::Coarse Grids::Number of Equations=13182
Multigrid Information::Coarse Grids::Number of Nonzero Terms=323380
Multigrid Information::Coarse Grids::Number of Presmoother Steps=1
Multigrid Information::Coarse Grids::Number of Postsmoother Steps=1
########## Memory Use Summary  ##########=
Memory Use Information=
Memory Use Information::Total memory used for data (Gbytes)=4.82644
Memory Use Information::Memory used for OptimizeProblem data (Gbytes)=0
Memory Use Information::Bytes per equation (Total memory / Number of Equations)=715.114
Memory Use Information::Memory used for linear system and CG (Gbytes)=4.24732
Memory Use Information::Coarse Grids=
Memory Use Information::Coarse Grids::Grid Level=1
Memory Use Information::Coarse Grids::Memory used=0.507623
Memory Use Information::Coarse Grids::Grid Level=2
Memory Use Information::Coarse Grids::Memory used=0.0635284
Memory Use Information::Coarse Grids::Grid Level=3
Memory Use Information::Coarse Grids::Memory used=0.00796082
########## V&V Testing Summary  ##########=
Spectral Convergence Tests=
Spectral Convergence Tests::Result=PASSED
Spectral Convergence Tests::Unpreconditioned=
Spectral Convergence Tests::Unpreconditioned::Maximum iteration count=11
Spectral Convergence Tests::Unpreconditioned::Expected iteration count=12
Spectral Convergence Tests::Preconditioned=
Spectral Convergence Tests::Preconditioned::Maximum iteration count=2
Spectral Convergence Tests::Preconditioned::Expected iteration count=2
Departure from Symmetry |x'Ay-y'Ax|/(2*||x||*||A||*||y||)/epsilon=
Departure from Symmetry |x'Ay-y'Ax|/(2*||x||*||A||*||y||)/epsilon::Result=PASSED
Departure from Symmetry |x'Ay-y'Ax|/(2*||x||*||A||*||y||)/epsilon::Departure for SpMV=3.49628e-08
Departure from Symmetry |x'Ay-y'Ax|/(2*||x||*||A||*||y||)/epsilon::Departure for MG=9.75706e-10
########## Iterations Summary  ##########=
Iteration Count Information=
Iteration Count Information::Result=PASSED
Iteration Count Information::Reference CG iterations per set=50
Iteration Count Information::Optimized CG iterations per set=50
Iteration Count Information::Total number of reference iterations=100
Iteration Count Information::Total number of optimized iterations=100
########## Reproducibility Summary  ##########=
Reproducibility Information=
Reproducibility Information::Result=PASSED
Reproducibility Information::Scaled residual mean=0.00019263
Reproducibility Information::Scaled residual variance=0
########## Performance Summary (times in sec) ##########=
Benchmark Time Summary=
Benchmark Time Summary::Optimization phase=5e-08
Benchmark Time Summary::DDOT=2.95543
Benchmark Time Summary::WAXPBY=1.33661
Benchmark Time Summary::SpMV=8.14766
Benchmark Time Summary::MG=47.8877
Benchmark Time Summary::Total=60.3363
Floating Point Operations Summary=
Floating Point Operations Summary::Raw DDOT=4.07651e+09
Floating Point Operations Summary::Raw WAXPBY=4.07651e+09
Floating Point Operations Summary::Raw SpMV=3.67392e+10
Floating Point Operations Summary::Raw MG=2.05185e+11
Floating Point Operations Summary::Total=2.50078e+11
Floating Point Operations Summary::Total with convergence overhead=2.50078e+11
GB/s Summary=
GB/s Summary::Raw Read B/W=25.5363
GB/s Summary::Raw Write B/W=5.90146
GB/s Summary::Raw Total B/W=31.4378
GB/s Summary::Total with convergence and optimization phase overhead=31.2698
GFLOP/s Summary=
GFLOP/s Summary::Raw DDOT=1.37933
GFLOP/s Summary::Raw WAXPBY=3.04988
GFLOP/s Summary::Raw SpMV=4.50916
GFLOP/s Summary::Raw MG=4.28472
GFLOP/s Summary::Raw Total=4.14473
GFLOP/s Summary::Total with convergence overhead=4.14473
GFLOP/s Summary::Total with convergence and optimization phase overhead=4.12258
User Optimization Overheads=
User Optimization Overheads::Optimization phase time (sec)=5e-08
User Optimization Overheads::Optimization phase time vs reference SpMV+MG time=8.7151e-08
DDOT Timing Variations=
DDOT Timing Variations::Min DDOT MPI_Allreduce time=2.11858
DDOT Timing Variations::Max DDOT MPI_Allreduce time=2.43679
DDOT Timing Variations::Avg DDOT MPI_Allreduce time=2.31532
Final Summary=
Final Summary::HPCG result is VALID with a GFLOP/s rating of=4.12258
Final Summary::HPCG 2.4 rating for historical reasons is=4.14473
Final Summary::Reference version of ComputeDotProduct used=Performance results are most likely suboptimal
Final Summary::Reference version of ComputeSPMV used=Performance results are most likely suboptimal
Final Summary::Reference version of ComputeMG used=Performance results are most likely suboptimal
Final Summary::Reference version of ComputeWAXPBY used=Performance results are most likely suboptimal
Final Summary::Results are valid but execution time (sec) is=60.3363
Final Summary::Official results execution time (sec) must be at least=1800
Running HPCG with 8 cores ...
Final Summary::HPCG result is VALID with a GFLOP/s rating of=3.72127
HPCG-Benchmark
version=3.1
Release date=March 28, 2019
Machine Summary=
Machine Summary::Distributed Processes=8
Machine Summary::Threads per processes=1
Global Problem Dimensions=
Global Problem Dimensions::Global nx=208
Global Problem Dimensions::Global ny=208
Global Problem Dimensions::Global nz=208
Processor Dimensions=
Processor Dimensions::npx=2
Processor Dimensions::npy=2
Processor Dimensions::npz=2
Local Domain Dimensions=
Local Domain Dimensions::nx=104
Local Domain Dimensions::ny=104
Local Domain Dimensions::Lower ipz=0
Local Domain Dimensions::Upper ipz=1
Local Domain Dimensions::nz=104
########## Problem Summary  ##########=
Setup Information=
Setup Information::Setup Time=1.97885
Linear System Information=
Linear System Information::Number of Equations=8998912
Linear System Information::Number of Nonzero Terms=240641848
Multigrid Information=
Multigrid Information::Number of coarse grid levels=3
Multigrid Information::Coarse Grids=
Multigrid Information::Coarse Grids::Grid Level=1
Multigrid Information::Coarse Grids::Number of Equations=1124864
Multigrid Information::Coarse Grids::Number of Nonzero Terms=29791000
Multigrid Information::Coarse Grids::Number of Presmoother Steps=1
Multigrid Information::Coarse Grids::Number of Postsmoother Steps=1
Multigrid Information::Coarse Grids::Grid Level=2
Multigrid Information::Coarse Grids::Number of Equations=140608
Multigrid Information::Coarse Grids::Number of Nonzero Terms=3652264
Multigrid Information::Coarse Grids::Number of Presmoother Steps=1
Multigrid Information::Coarse Grids::Number of Postsmoother Steps=1
Multigrid Information::Coarse Grids::Grid Level=3
Multigrid Information::Coarse Grids::Number of Equations=17576
Multigrid Information::Coarse Grids::Number of Nonzero Terms=438976
Multigrid Information::Coarse Grids::Number of Presmoother Steps=1
Multigrid Information::Coarse Grids::Number of Postsmoother Steps=1
########## Memory Use Summary  ##########=
Memory Use Information=
Memory Use Information::Total memory used for data (Gbytes)=6.43715
Memory Use Information::Memory used for OptimizeProblem data (Gbytes)=0
Memory Use Information::Bytes per equation (Total memory / Number of Equations)=715.326
Memory Use Information::Memory used for linear system and CG (Gbytes)=5.66451
Memory Use Information::Coarse Grids=
Memory Use Information::Coarse Grids::Grid Level=1
Memory Use Information::Coarse Grids::Memory used=0.677201
Memory Use Information::Coarse Grids::Grid Level=2
Memory Use Information::Coarse Grids::Memory used=0.0848009
Memory Use Information::Coarse Grids::Grid Level=3
Memory Use Information::Coarse Grids::Memory used=0.0106403
########## V&V Testing Summary  ##########=
Spectral Convergence Tests=
Spectral Convergence Tests::Result=PASSED
Spectral Convergence Tests::Unpreconditioned=
Spectral Convergence Tests::Unpreconditioned::Maximum iteration count=11
Spectral Convergence Tests::Unpreconditioned::Expected iteration count=12
Spectral Convergence Tests::Preconditioned=
Spectral Convergence Tests::Preconditioned::Maximum iteration count=2
Spectral Convergence Tests::Preconditioned::Expected iteration count=2
Departure from Symmetry |x'Ay-y'Ax|/(2*||x||*||A||*||y||)/epsilon=
Departure from Symmetry |x'Ay-y'Ax|/(2*||x||*||A||*||y||)/epsilon::Result=PASSED
Departure from Symmetry |x'Ay-y'Ax|/(2*||x||*||A||*||y||)/epsilon::Departure for SpMV=2.1955e-09
Departure from Symmetry |x'Ay-y'Ax|/(2*||x||*||A||*||y||)/epsilon::Departure for MG=3.65917e-09
########## Iterations Summary  ##########=
Iteration Count Information=
Iteration Count Information::Result=PASSED
Iteration Count Information::Reference CG iterations per set=50
Iteration Count Information::Optimized CG iterations per set=50
Iteration Count Information::Total number of reference iterations=100
Iteration Count Information::Total number of optimized iterations=100
########## Reproducibility Summary  ##########=
Reproducibility Information=
Reproducibility Information::Result=PASSED
Reproducibility Information::Scaled residual mean=0.000253249
Reproducibility Information::Scaled residual variance=0
########## Performance Summary (times in sec) ##########=
Benchmark Time Summary=
Benchmark Time Summary::Optimization phase=4e-08
Benchmark Time Summary::DDOT=6.17172
Benchmark Time Summary::WAXPBY=1.97822
Benchmark Time Summary::SpMV=11.5419
Benchmark Time Summary::MG=69.7145
Benchmark Time Summary::Total=89.4182
Floating Point Operations Summary=
Floating Point Operations Summary::Raw DDOT=5.43534e+09
Floating Point Operations Summary::Raw WAXPBY=5.43534e+09
Floating Point Operations Summary::Raw SpMV=4.90909e+10
Floating Point Operations Summary::Raw MG=2.74261e+11
Floating Point Operations Summary::Total=3.34222e+11
Floating Point Operations Summary::Total with convergence overhead=3.34222e+11
GB/s Summary=
GB/s Summary::Raw Read B/W=23.0274
GB/s Summary::Raw Write B/W=5.32158
GB/s Summary::Raw Total B/W=28.349
GB/s Summary::Total with convergence and optimization phase overhead=28.224
GFLOP/s Summary=
GFLOP/s Summary::Raw DDOT=0.880685
GFLOP/s Summary::Raw WAXPBY=2.7476
GFLOP/s Summary::Raw SpMV=4.25326
GFLOP/s Summary::Raw MG=3.93406
GFLOP/s Summary::Raw Total=3.73774
GFLOP/s Summary::Total with convergence overhead=3.73774
GFLOP/s Summary::Total with convergence and optimization phase overhead=3.72127
User Optimization Overheads=
User Optimization Overheads::Optimization phase time (sec)=4e-08
User Optimization Overheads::Optimization phase time vs reference SpMV+MG time=4.97161e-08
DDOT Timing Variations=
DDOT Timing Variations::Min DDOT MPI_Allreduce time=1.60249
DDOT Timing Variations::Max DDOT MPI_Allreduce time=5.25005
DDOT Timing Variations::Avg DDOT MPI_Allreduce time=2.33195
Final Summary=
Final Summary::HPCG result is VALID with a GFLOP/s rating of=3.72127
Final Summary::HPCG 2.4 rating for historical reasons is=3.73774
Final Summary::Reference version of ComputeDotProduct used=Performance results are most likely suboptimal
Final Summary::Reference version of ComputeSPMV used=Performance results are most likely suboptimal
Final Summary::Reference version of ComputeMG used=Performance results are most likely suboptimal
Final Summary::Reference version of ComputeWAXPBY used=Performance results are most likely suboptimal
Final Summary::Results are valid but execution time (sec) is=89.4182
Final Summary::Official results execution time (sec) must be at least=1800
