
* ************************************************************************
* Date:" Fri Feb 23 06:11:20 UTC 2024
* Running openfoam benchmark series with 1 2 4 8 16 24 32 40 48 56 cores
* Results will be written to openfoam-jobs.out
* ************************************************************************
Preparing openfoam mesh with 1 cores ...
362.92
Preparing openfoam mesh with 2 cores ...
258.25
Preparing openfoam mesh with 4 cores ...
154.76
Preparing openfoam mesh with 8 cores ...
99.19
Preparing openfoam mesh with 16 cores ...
72.46
Preparing openfoam mesh with 24 cores ...
66.49
Preparing openfoam mesh with 32 cores ...
70.94
Preparing openfoam mesh with 40 cores ...
73.43
Preparing openfoam mesh with 48 cores ...
76.86
Preparing openfoam mesh with 56 cores ...
84.24
openfoam with 1 cores ...
536.25 seconds
openfoam with 2 cores ...
264.46 seconds
openfoam with 4 cores ...
133.13 seconds
openfoam with 8 cores ...
70.9 seconds
openfoam with 16 cores ...
41.8 seconds
openfoam with 24 cores ...
33.43 seconds
openfoam with 32 cores ...
29.39 seconds
openfoam with 40 cores ...
26.52 seconds
openfoam with 48 cores ...
24.72 seconds
openfoam with 56 cores ...
23.2 seconds
